<?xml version="1.0" encoding="UTF-8"?>
<robot generator="Robot 3.2.2 (Python 3.7.3 on win32)" generated="20210917 19:17:41.817" rpa="false">
<suite id="s1" name="TotalTransact" source="C:\Users\akhil.kumar\Perforce\akhil.kumar_TRV-LT-AKHILK_9539\TotalTransact\Robot\sbps\main\TotalTransact">
<suite id="s1-s1" name="TestCases" source="C:\Users\akhil.kumar\Perforce\akhil.kumar_TRV-LT-AKHILK_9539\TotalTransact\Robot\sbps\main\TotalTransact\TestCases">
<suite id="s1-s1-s1" name="UI" source="C:\Users\akhil.kumar\Perforce\akhil.kumar_TRV-LT-AKHILK_9539\TotalTransact\Robot\sbps\main\TotalTransact\TestCases\UI">
<suite id="s1-s1-s1-s1" name="Apps" source="C:\Users\akhil.kumar\Perforce\akhil.kumar_TRV-LT-AKHILK_9539\TotalTransact\Robot\sbps\main\TotalTransact\TestCases\UI\apps">
<suite id="s1-s1-s1-s1-s1" name="Admin" source="C:\Users\akhil.kumar\Perforce\akhil.kumar_TRV-LT-AKHILK_9539\TotalTransact\Robot\sbps\main\TotalTransact\TestCases\UI\apps\admin">
<suite id="s1-s1-s1-s1-s1-s1" name="Users" source="C:\Users\akhil.kumar\Perforce\akhil.kumar_TRV-LT-AKHILK_9539\TotalTransact\Robot\sbps\main\TotalTransact\TestCases\UI\apps\admin\users.robot">
<kw name="Run Keywords" library="BuiltIn" type="setup">
<doc>Executes all the given keywords in a sequence.</doc>
<arguments>
<arg>Setup Test Suite</arg>
<arg>AND</arg>
<arg>Login</arg>
</arguments>
<kw name="Setup Test Suite" library="CommonKeywordsAndVariables">
<kw name="Get Current Date" library="robot.libraries.DateTime">
<doc>Returns current local or UTC time with an optional increment.</doc>
<arguments>
<arg>result_format=%m/%d/%Y</arg>
</arguments>
<assign>
<var>${today}</var>
</assign>
<msg timestamp="20210917 19:17:44.414" level="INFO">${today} = 09/17/2021</msg>
<status status="PASS" starttime="20210917 19:17:44.414" endtime="20210917 19:17:44.415"></status>
</kw>
<kw name="Set Suite Variable" library="BuiltIn">
<doc>Makes a variable available everywhere within the scope of the current suite.</doc>
<arguments>
<arg>\${today}</arg>
<arg>${today}</arg>
</arguments>
<msg timestamp="20210917 19:17:44.417" level="INFO">${today} = 09/17/2021</msg>
<status status="PASS" starttime="20210917 19:17:44.416" endtime="20210917 19:17:44.417"></status>
</kw>
<kw name="Log Variables" library="BuiltIn">
<doc>Logs all variables in the current scope with given log level.</doc>
<msg timestamp="20210917 19:17:44.420" level="INFO">${/} = \</msg>
<msg timestamp="20210917 19:17:44.421" level="INFO">${:} = ;</msg>
<msg timestamp="20210917 19:17:44.421" level="INFO">${\n} = 
</msg>
<msg timestamp="20210917 19:17:44.422" level="INFO">${account_location_id} = ACCOUNT_LOCATION_ID_NOT_FOUND</msg>
<msg timestamp="20210917 19:17:44.422" level="INFO">${account_number} = 021000021</msg>
<msg timestamp="20210917 19:17:44.422" level="INFO">${account_search_string} = Downtown</msg>
<msg timestamp="20210917 19:17:44.423" level="INFO">${account_text_checking} = CHECKING</msg>
<msg timestamp="20210917 19:17:44.423" level="INFO">${account_text_credit_card} = Credit Card</msg>
<msg timestamp="20210917 19:17:44.423" level="INFO">${account_text_saving} = SAVINGS</msg>
<msg timestamp="20210917 19:17:44.424" level="INFO">${accountAchAccountId} = PROCESSING_ACCOUNT_ID_NOT_FOUND</msg>
<msg timestamp="20210917 19:17:44.424" level="INFO">${accountCardId} = SIGNATURE_ID_NOT_FOUND</msg>
<msg timestamp="20210917 19:17:44.424" level="INFO">${ach} = ACH</msg>
<msg timestamp="20210917 19:17:44.424" level="INFO">${ach_created_customer_id} = ACH_CREATED_CUSTOMER_ID_NOT_FOUND</msg>
<msg timestamp="20210917 19:17:44.425" level="INFO">${ach_pmt_acct_id} = ACH_PAYMENT_ACCOUNT_ID_NOT_FOUND</msg>
<msg timestamp="20210917 19:17:44.425" level="INFO">${acount_location_name_uniqueifier} = ACCOUNT_LOCATION_UNIQUEIFIER_NOT_FOUND</msg>
<msg timestamp="20210917 19:17:44.425" level="INFO">${add_new} = Add New</msg>
<msg timestamp="20210917 19:17:44.426" level="INFO">${admin_appName} = ADMIN</msg>
<msg timestamp="20210917 19:17:44.426" level="INFO">${admin_merchant_form_panel} = merchantform</msg>
<msg timestamp="20210917 19:17:44.426" level="INFO">${air_way_bill_number} = AIRWAY_BILL_NUMBER_NOT_FOUND</msg>
<msg timestamp="20210917 19:17:44.427" level="INFO">${alert_id} = ALERT_ID_NOT_FOUND</msg>
<msg timestamp="20210917 19:17:44.427" level="INFO">${Amount} = Amount_NOT_FOUND</msg>
<msg timestamp="20210917 19:17:44.427" level="INFO">${amount_string} = _amount</msg>
<msg timestamp="20210917 19:17:44.428" level="INFO">${amount_string_text} = Amount Per Payment</msg>
<msg timestamp="20210917 19:17:44.428" level="INFO">${annually} = Annually</msg>
<msg timestamp="20210917 19:17:44.428" level="INFO">${api_key} = API_KEY_NOT_FOUND</msg>
<msg timestamp="20210917 19:17:44.429" level="INFO">${api_key_id} = API_KEY_ID_NOT_FOUND</msg>
<msg timestamp="20210917 19:17:44.429" level="INFO">${api_key_name} = API_KEY_NAME_NOT_FOUND</msg>
<msg timestamp="20210917 19:17:44.429" level="INFO">${api_processing_account_id} = API_PROCESSING_ACCOUNT_ID_NOT_FOUND</msg>
<msg timestamp="20210917 19:17:44.430" level="INFO">${appName} = SBPS</msg>
<msg timestamp="20210917 19:17:44.430" level="INFO">${authorized} = Authorized</msg>
<msg timestamp="20210917 19:17:44.430" level="INFO">${automted} = Automted</msg>
<msg timestamp="20210917 19:17:44.431" level="INFO">${BankAccountType} = BankAccountType_NOT_FOUND</msg>
<msg timestamp="20210917 19:17:44.431" level="INFO">${BusinessName} = BUSINESS_NAME_NOT_FOUND</msg>
<msg timestamp="20210917 19:17:44.431" level="INFO">${card} = Card</msg>
<msg timestamp="20210917 19:17:44.432" level="INFO">${card_institution_search_string} = FDC Compass</msg>
<msg timestamp="20210917 19:17:44.432" level="INFO">${card_number} = 4111111111111111</msg>
<msg timestamp="20210917 19:17:44.432" level="INFO">${card_processor_id} = CARD_PROCESSOR_ID_NOT_FOUND</msg>
<msg timestamp="20210917 19:17:44.432" level="INFO">${card_processor_search_string} = CYBERSOURCE</msg>
<msg timestamp="20210917 19:17:44.433" level="INFO">${cc_created_customer_id} = CC_CREATED_CUSTOMER_ID_NOT_FOUND</msg>
<msg timestamp="20210917 19:17:44.433" level="INFO">${cc_pmt_acct_id} = CC_PAYMENT_ACCOUNT_ID_NOT_FOUND</msg>
<msg timestamp="20210917 19:17:44.433" level="INFO">${cc_processor_based_failure_amount} = 5</msg>
<msg timestamp="20210917 19:17:44.433" level="INFO">${compName} = Total Transact</msg>
<msg timestamp="20210917 19:17:44.434" level="INFO">${country_id} = COUNTRY_ID_NOT_FOUND</msg>
<msg timestamp="20210917 19:17:44.434" level="INFO">${country_search_string} = United States</msg>
<msg timestamp="20210917 19:17:44.434" level="INFO">${current} = Current</msg>
<msg timestamp="20210917 19:17:44.435" level="INFO">${custom_field_id} = CUSTOM_FIELD_ID</msg>
<msg timestamp="20210917 19:17:44.435" level="INFO">${custom_field_name} = CUSTOM_FIELD_NAME</msg>
<msg timestamp="20210917 19:17:44.435" level="INFO">${customer_name_random_part} = CUSTOMER_NAME_RANDOM_PART_NOT_FOUND</msg>
<msg timestamp="20210917 19:17:44.436" level="INFO">${customer_payment_accounts_ach_gridpanel} = achaccountsgridpanel</msg>
<msg timestamp="20210917 19:17:44.436" level="INFO">${customer_payment_accounts_card_gridpanel} = ccaccountsgridpanel</msg>
<msg timestamp="20210917 19:17:44.437" level="INFO">${customer_payment_accounts_panel} = customerpaymentaccountspanel</msg>
<msg timestamp="20210917 19:17:44.437" level="INFO">${customerid} = OrganizationType id_FOUND</msg>
<msg timestamp="20210917 19:17:44.437" level="INFO">${cvv} = 999</msg>
<msg timestamp="20210917 19:17:44.438" level="INFO">${DEBUG_FILE} = NONE</msg>
<msg timestamp="20210917 19:17:44.438" level="INFO">${enable_burp_proxy} = false</msg>
<msg timestamp="20210917 19:17:44.438" level="INFO">${endpoint_id} = ENDPOINT_ID_NOT_FOUND</msg>
<msg timestamp="20210917 19:17:44.438" level="INFO">${endpoint_search_string} = Topaz Reseller</msg>
<msg timestamp="20210917 19:17:44.439" level="INFO">${environemnt} = Environment Default</msg>
<msg timestamp="20210917 19:17:44.439" level="INFO">${EXECDIR} = C:\Users\akhil.kumar\Perforce\akhil.kumar_TRV-LT-AKHILK_9539\TotalTransact\Robot\sbps\main\TotalTransact</msg>
<msg timestamp="20210917 19:17:44.439" level="INFO">${external_id} = EXTERNAL_ID_NOT_FOUND</msg>
<msg timestamp="20210917 19:17:44.440" level="INFO">${False} = False</msg>
<msg timestamp="20210917 19:17:44.440" level="INFO">${fee_schedule_id} = FEE_SCHEDULE_ID_NOT_FOUND</msg>
<msg timestamp="20210917 19:17:44.440" level="INFO">${fee_schedule_name} = FEE_SCHEDULE_NAME</msg>
<msg timestamp="20210917 19:17:44.441" level="INFO">${first_and_15th} = 1st and 15th</msg>
<msg timestamp="20210917 19:17:44.441" level="INFO">${first_name} = FIRST NAME</msg>
<msg timestamp="20210917 19:17:44.441" level="INFO">${future} = Future</msg>
<msg timestamp="20210917 19:17:44.442" level="INFO">${gateway_profile_search_string} = ptest</msg>
<msg timestamp="20210917 19:17:44.442" level="INFO">${gateway_profiles_id} = GATEWAY_PROFILE_ID_NOT_FOUND</msg>
<msg timestamp="20210917 19:17:44.442" level="INFO">${hpp_customer_information_panel} = tellusaboutyourself</msg>
<msg timestamp="20210917 19:17:44.443" level="INFO">${hpp_payment_information_panel} = paymentinformation</msg>
<msg timestamp="20210917 19:17:44.443" level="INFO">${hpp_review_panel} = reviewpanel</msg>
<msg timestamp="20210917 19:17:44.443" level="INFO">${installment} = Installment</msg>
<msg timestamp="20210917 19:17:44.444" level="INFO">${invalid} = Invalid</msg>
<msg timestamp="20210917 19:17:44.444" level="INFO">${invalid_amount_text} = Declined Card Pyment Amount</msg>
<msg timestamp="20210917 19:17:44.444" level="INFO">${last_name} = LAST NAME</msg>
<msg timestamp="20210917 19:17:44.444" level="INFO">${LOG_FILE} = C:\Users\akhil.kumar\Perforce\akhil.kumar_TRV-LT-AKHILK_9539\TotalTransact\Robot\sbps\main\TotalTransact\log.html</msg>
<msg timestamp="20210917 19:17:44.445" level="INFO">${LOG_LEVEL} = INFO</msg>
<msg timestamp="20210917 19:17:44.445" level="INFO">${manual} = Manual</msg>
<msg timestamp="20210917 19:17:44.446" level="INFO">${memo} = Paragraph</msg>
<msg timestamp="20210917 19:17:44.446" level="INFO">${merchant__org_id} = merchant__org_id_NOT_FOUND</msg>
<msg timestamp="20210917 19:17:44.447" level="INFO">${merchant_external_id} = merchant_external_id_NOT_FOUND</msg>
<msg timestamp="20210917 19:17:44.447" level="INFO">${merchant_id} = MERCHANT_ID_NOT_FOUND</msg>
<msg timestamp="20210917 19:17:44.447" level="INFO">${merchant_merchant_id} = merchant_merchant_id_NOT_FOUND</msg>
<msg timestamp="20210917 19:17:44.448" level="INFO">${monthly} = Monthly</msg>
<msg timestamp="20210917 19:17:44.448" level="INFO">${None} = None</msg>
<msg timestamp="20210917 19:17:44.448" level="INFO">${notes} = Catch Phrase</msg>
<msg timestamp="20210917 19:17:44.448" level="INFO">${null} = None</msg>
<msg timestamp="20210917 19:17:44.449" level="INFO">${number_string} = _number</msg>
<msg timestamp="20210917 19:17:44.449" level="INFO">${number_string_text} = Number of Payments</msg>
<msg timestamp="20210917 19:17:44.449" level="INFO">${one_time} = One Time</msg>
<msg timestamp="20210917 19:17:44.449" level="INFO">${OrganizationTypeid} = OrganizationType id_FOUND</msg>
<msg timestamp="20210917 19:17:44.450" level="INFO">${OUTPUT_DIR} = C:\Users\akhil.kumar\Perforce\akhil.kumar_TRV-LT-AKHILK_9539\TotalTransact\Robot\sbps\main\TotalTransact</msg>
<msg timestamp="20210917 19:17:44.450" level="INFO">${OUTPUT_FILE} = C:\Users\akhil.kumar\Perforce\akhil.kumar_TRV-LT-AKHILK_9539\TotalTransact\Robot\sbps\main\TotalTransact\output.xml</msg>
<msg timestamp="20210917 19:17:44.450" level="INFO">${pament_account_default} = MASTERCARD xxxxx2226</msg>
<msg timestamp="20210917 19:17:44.450" level="INFO">${payment_denied_response_text} = Payment has been declined!</msg>
<msg timestamp="20210917 19:17:44.451" level="INFO">${payment_external_id} = PAYMENT_EXTERNAL_ID_NOT_FOUND</msg>
<msg timestamp="20210917 19:17:44.451" level="INFO">${payment_id} = PAYMENT_ID_NOT_FOUND</msg>
<msg timestamp="20210917 19:17:44.451" level="INFO">${payment_information_panel} = paymentinformationformpanel</msg>
<msg timestamp="20210917 19:17:44.451" level="INFO">${payment_schedule_id} = PAYMENT_SCHEDULE_ID_NOT_FOUND</msg>
<msg timestamp="20210917 19:17:44.451" level="INFO">${payment_sucess_response_text} = Transaction has been processed successfully!</msg>
<msg timestamp="20210917 19:17:44.452" level="INFO">${PREV_TEST_MESSAGE} = </msg>
<msg timestamp="20210917 19:17:44.452" level="INFO">${PREV_TEST_NAME} = </msg>
<msg timestamp="20210917 19:17:44.452" level="INFO">${PREV_TEST_STATUS} = </msg>
<msg timestamp="20210917 19:17:44.453" level="INFO">${processing_account_email_type_id} = PROCESSING_ACCOUNT_EMAIL_TYPE_ID</msg>
<msg timestamp="20210917 19:17:44.453" level="INFO">${processing_account_email_type_search_str} = CHANGE_NEXT_PAYMENT_DATE_EMAILS</msg>
<msg timestamp="20210917 19:17:44.453" level="INFO">${processing_account_id} = PROCESSING_ACCOUNT_ID_NOT_FOUND</msg>
<msg timestamp="20210917 19:17:44.454" level="INFO">${processing_account_location_id} = ACCOUNT_LOCATION_ID_NOT_FOUND</msg>
<msg timestamp="20210917 19:17:44.454" level="INFO">${profile_id} = PROFILE_ID_NOT_FOUND</msg>
<msg timestamp="20210917 19:17:44.454" level="INFO">${quarterly} = Quarterly</msg>
<msg timestamp="20210917 19:17:44.454" level="INFO">${recurring} = Recurring</msg>
<msg timestamp="20210917 19:17:44.455" level="INFO">${REPORT_FILE} = C:\Users\akhil.kumar\Perforce\akhil.kumar_TRV-LT-AKHILK_9539\TotalTransact\Robot\sbps\main\TotalTransact\report.html</msg>
<msg timestamp="20210917 19:17:44.455" level="INFO">${reseller_id} = RESELLER_ID_NOT_FOUND</msg>
<msg timestamp="20210917 19:17:44.455" level="INFO">${reseller_search_string} = Topaz Reseller</msg>
<msg timestamp="20210917 19:17:44.456" level="INFO">${reset_password} = PASSWORD</msg>
<msg timestamp="20210917 19:17:44.456" level="INFO">${reset_username} = USER NAME</msg>
<msg timestamp="20210917 19:17:44.456" level="INFO">${routing_number} = 091000019</msg>
<msg timestamp="20210917 19:17:44.456" level="INFO">${scheduleId} = SIGNATURE_ID_NOT_FOUND</msg>
<msg timestamp="20210917 19:17:44.457" level="INFO">${semi_annually} = Semi-Annually</msg>
<msg timestamp="20210917 19:17:44.457" level="INFO">${session_id} = SESSION_ID_NOT_FOUND</msg>
<msg timestamp="20210917 19:17:44.457" level="INFO">${signature} = ODI4MjA2MTN8MjAxOC0xMS0zMCAwNzowNjowNyBVVEN8aGREZFZWaUxLdEx3aXpxckBmdW5kdGVjaC5jb218OTYyYTcwMTZmYWEwYTI4ZjNiYzM3NDNhZGU0NzFmNzM0Y2U4MA==</msg>
<msg timestamp="20210917 19:17:44.457" level="INFO">${SPACE} =  </msg>
<msg timestamp="20210917 19:17:44.457" level="INFO">${successflag} = </msg>
<msg timestamp="20210917 19:17:44.458" level="INFO">${SUITE_DOCUMENTATION} = Creating a User and Resetting the Password in Specified Enviornment</msg>
<msg timestamp="20210917 19:17:44.458" level="INFO">&amp;{SUITE_METADATA} = { }</msg>
<msg timestamp="20210917 19:17:44.458" level="INFO">${SUITE_NAME} = TotalTransact.TestCases.UI.Apps.Admin.Users</msg>
<msg timestamp="20210917 19:17:44.459" level="INFO">${SUITE_SOURCE} = C:\Users\akhil.kumar\Perforce\akhil.kumar_TRV-LT-AKHILK_9539\TotalTransact\Robot\sbps\main\TotalTransact\TestCases\UI\apps\admin\users.robot</msg>
<msg timestamp="20210917 19:17:44.459" level="INFO">${TEMPDIR} = C:\Users\AKHIL~1.KUM\AppData\Local\Temp</msg>
<msg timestamp="20210917 19:17:44.459" level="INFO">${test_valid_amount_text} = Valid Payment Amount</msg>
<msg timestamp="20210917 19:17:44.459" level="INFO">${testServer} = NO_ENVIRONMENT_SELECTED</msg>
<msg timestamp="20210917 19:17:44.460" level="INFO">${time_zone_search_string} = (-10:00) Hawaii</msg>
<msg timestamp="20210917 19:17:44.460" level="INFO">${timezone_id} = TIMEZONE_ID_NOT_FOUND</msg>
<msg timestamp="20210917 19:17:44.460" level="INFO">${today} = 09/17/2021</msg>
<msg timestamp="20210917 19:17:44.461" level="INFO">${True} = True</msg>
<msg timestamp="20210917 19:17:44.461" level="INFO">${user_search_string} = tsodamerchant</msg>
<msg timestamp="20210917 19:17:44.462" level="INFO">${user_test_amount_text} = User Submitted Payment Amount</msg>
<msg timestamp="20210917 19:17:44.463" level="INFO">${Userid} = Userid_NOT_FOUND</msg>
<msg timestamp="20210917 19:17:44.464" level="INFO">${valid} = Valid</msg>
<msg timestamp="20210917 19:17:44.464" level="INFO">${weekly} = Weekly</msg>
<msg timestamp="20210917 19:17:44.465" level="INFO">${yesterday} = Subtract Time From Date NULL 1d result_format=%m/%d/%Y exclude_millis=True date_format=%m/%d/%Y</msg>
<msg timestamp="20210917 19:17:44.465" level="INFO">${zero_fee_schedule_id} = ZERO_FEE_SCHEDULE_ID_NOT_FOUND</msg>
<msg timestamp="20210917 19:17:44.465" level="INFO">${zero_fee_schedule_name} = Zero Fee Schedule</msg>
<msg timestamp="20210917 19:17:44.465" level="INFO">${zero_fee_schedule_name_upper} = ZERO FEE SCHEDULE</msg>
<status status="PASS" starttime="20210917 19:17:44.418" endtime="20210917 19:17:44.466"></status>
</kw>
<kw name="Run Keyword If" library="BuiltIn">
<doc>Runs the given keyword with the given arguments, if ``condition`` is true.</doc>
<arguments>
<arg>'${testServer}'=='NO_ENVIRONMENT_SELECTED'</arg>
<arg>Get Selection From User</arg>
<arg>Select the desired test environment and press OK.</arg>
<arg>AzureCustint</arg>
<arg>AzureDevint</arg>
<arg>AzurePerformanceEngineering</arg>
<arg>AzureQA</arg>
<arg>Local</arg>
</arguments>
<assign>
<var>${testServerRequested}</var>
</assign>
<kw name="Get Selection From User" library="Dialogs">
<doc>Pauses test execution and asks user to select a value.</doc>
<arguments>
<arg>Select the desired test environment and press OK.</arg>
<arg>AzureCustint</arg>
<arg>AzureDevint</arg>
<arg>AzurePerformanceEngineering</arg>
<arg>AzureQA</arg>
<arg>Local</arg>
</arguments>
<status status="PASS" starttime="20210917 19:17:44.468" endtime="20210917 19:17:48.318"></status>
</kw>
<msg timestamp="20210917 19:17:48.319" level="INFO">${testServerRequested} = AzureDevint</msg>
<status status="PASS" starttime="20210917 19:17:44.467" endtime="20210917 19:17:48.321"></status>
</kw>
<kw name="Run Keyword If" library="BuiltIn">
<doc>Runs the given keyword with the given arguments, if ``condition`` is true.</doc>
<arguments>
<arg>'${testServer}'=='NO_ENVIRONMENT_SELECTED'</arg>
<arg>Set Suite Variable</arg>
<arg>\${testServer}</arg>
<arg>${testServerRequested}</arg>
</arguments>
<kw name="Set Suite Variable" library="BuiltIn">
<doc>Makes a variable available everywhere within the scope of the current suite.</doc>
<arguments>
<arg>\${testServer}</arg>
<arg>${testServerRequested}</arg>
</arguments>
<msg timestamp="20210917 19:17:48.325" level="INFO">${testServer} = AzureDevint</msg>
<status status="PASS" starttime="20210917 19:17:48.323" endtime="20210917 19:17:48.325"></status>
</kw>
<status status="PASS" starttime="20210917 19:17:48.321" endtime="20210917 19:17:48.326"></status>
</kw>
<kw name="Import Resource" library="BuiltIn">
<doc>Imports a resource file with the given path.</doc>
<arguments>
<arg>C:\\Users\\akhil.kumar\\Perforce\\akhil.kumar_TRV-LT-AKHILK_9539\\TotalTransact\\Robot\\sbps\\main\\TotalTransact\\variables/TotalTransact/../../variables/${testServer}-environment.resource</arg>
</arguments>
<status status="PASS" starttime="20210917 19:17:48.326" endtime="20210917 19:17:48.351"></status>
</kw>
<kw name="Set Suite Variable" library="BuiltIn">
<doc>Makes a variable available everywhere within the scope of the current suite.</doc>
<arguments>
<arg>\${testServer}</arg>
<arg>${testServer}</arg>
</arguments>
<msg timestamp="20210917 19:17:48.353" level="INFO">${testServer} = AzureDevint</msg>
<status status="PASS" starttime="20210917 19:17:48.352" endtime="20210917 19:17:48.353"></status>
</kw>
<kw name="Log To Console" library="BuiltIn">
<doc>Logs the given message to the console.</doc>
<arguments>
<arg>Selected test environment is ${testServer}</arg>
</arguments>
<status status="PASS" starttime="20210917 19:17:48.354" endtime="20210917 19:17:48.355"></status>
</kw>
<kw name="Reset User Password" library="CommonKeywordsAndVariables">
<arguments>
<arg>${username}</arg>
<arg>${password_hash}</arg>
</arguments>
<kw name="Set Variable" library="BuiltIn">
<doc>Returns the given values which can then be assigned to a variables.</doc>
<arguments>
<arg>(echo update users set password = '${password_hash_to_reset}', user_status_id = 2 where name like '${username_to_reset}'; &amp; echo commit;) | sqlplus -s ${db_ls_schema_name}/ls@${db_host}:${db_port}/${db_service}</arg>
</arguments>
<assign>
<var>${resetPasswordCommand}</var>
</assign>
<msg timestamp="20210917 19:17:48.360" level="INFO">${resetPasswordCommand} = (echo update users set password = '8FePHnF0saQcTqjG4X96ijuIySo=', user_status_id = 2 where name like 'tsodamerchant'; &amp; echo commit;) | sqlplus -s totalt_ls/ls@10.192.1.168:1521/TOTALT_DEV</msg>
<status status="PASS" starttime="20210917 19:17:48.357" endtime="20210917 19:17:48.360"></status>
</kw>
<kw name="Log" library="BuiltIn">
<doc>Logs the given message with the given level.</doc>
<arguments>
<arg>${resetPasswordCommand}</arg>
</arguments>
<msg timestamp="20210917 19:17:48.362" level="INFO">(echo update users set password = '8FePHnF0saQcTqjG4X96ijuIySo=', user_status_id = 2 where name like 'tsodamerchant'; &amp; echo commit;) | sqlplus -s totalt_ls/ls@10.192.1.168:1521/TOTALT_DEV</msg>
<status status="PASS" starttime="20210917 19:17:48.361" endtime="20210917 19:17:48.364"></status>
</kw>
<kw name="Run And Return Rc" library="OperatingSystem">
<doc>Runs the given command in the system and returns the return code.</doc>
<arguments>
<arg>${resetPasswordCommand}</arg>
</arguments>
<assign>
<var>${rc}</var>
</assign>
<msg timestamp="20210917 19:17:48.399" level="INFO">Running command '(echo update users set password = '8FePHnF0saQcTqjG4X96ijuIySo=', user_status_id = 2 where name like 'tsodamerchant'; &amp; echo commit;) | sqlplus -s totalt_ls/ls@10.192.1.168:1521/TOTALT_DEV 2&gt;&amp;1'.</msg>
<msg timestamp="20210917 19:17:48.518" level="INFO">${rc} = 255</msg>
<status status="PASS" starttime="20210917 19:17:48.365" endtime="20210917 19:17:48.518"></status>
</kw>
<kw name="Log" library="BuiltIn">
<doc>Logs the given message with the given level.</doc>
<arguments>
<arg>${rc}</arg>
</arguments>
<msg timestamp="20210917 19:17:48.520" level="INFO">255</msg>
<status status="PASS" starttime="20210917 19:17:48.519" endtime="20210917 19:17:48.520"></status>
</kw>
<status status="PASS" starttime="20210917 19:17:48.356" endtime="20210917 19:17:48.521"></status>
</kw>
<kw name="Reset User Password" library="CommonKeywordsAndVariables">
<arguments>
<arg>${admin_username}</arg>
<arg>${admin_password_hash}</arg>
</arguments>
<kw name="Set Variable" library="BuiltIn">
<doc>Returns the given values which can then be assigned to a variables.</doc>
<arguments>
<arg>(echo update users set password = '${password_hash_to_reset}', user_status_id = 2 where name like '${username_to_reset}'; &amp; echo commit;) | sqlplus -s ${db_ls_schema_name}/ls@${db_host}:${db_port}/${db_service}</arg>
</arguments>
<assign>
<var>${resetPasswordCommand}</var>
</assign>
<msg timestamp="20210917 19:17:48.526" level="INFO">${resetPasswordCommand} = (echo update users set password = '8FePHnF0saQcTqjG4X96ijuIySo=', user_status_id = 2 where name like 'admin'; &amp; echo commit;) | sqlplus -s totalt_ls/ls@10.192.1.168:1521/TOTALT_DEV</msg>
<status status="PASS" starttime="20210917 19:17:48.524" endtime="20210917 19:17:48.526"></status>
</kw>
<kw name="Log" library="BuiltIn">
<doc>Logs the given message with the given level.</doc>
<arguments>
<arg>${resetPasswordCommand}</arg>
</arguments>
<msg timestamp="20210917 19:17:48.528" level="INFO">(echo update users set password = '8FePHnF0saQcTqjG4X96ijuIySo=', user_status_id = 2 where name like 'admin'; &amp; echo commit;) | sqlplus -s totalt_ls/ls@10.192.1.168:1521/TOTALT_DEV</msg>
<status status="PASS" starttime="20210917 19:17:48.527" endtime="20210917 19:17:48.529"></status>
</kw>
<kw name="Run And Return Rc" library="OperatingSystem">
<doc>Runs the given command in the system and returns the return code.</doc>
<arguments>
<arg>${resetPasswordCommand}</arg>
</arguments>
<assign>
<var>${rc}</var>
</assign>
<msg timestamp="20210917 19:17:48.548" level="INFO">Running command '(echo update users set password = '8FePHnF0saQcTqjG4X96ijuIySo=', user_status_id = 2 where name like 'admin'; &amp; echo commit;) | sqlplus -s totalt_ls/ls@10.192.1.168:1521/TOTALT_DEV 2&gt;&amp;1'.</msg>
<msg timestamp="20210917 19:17:48.595" level="INFO">${rc} = 255</msg>
<status status="PASS" starttime="20210917 19:17:48.531" endtime="20210917 19:17:48.596"></status>
</kw>
<kw name="Log" library="BuiltIn">
<doc>Logs the given message with the given level.</doc>
<arguments>
<arg>${rc}</arg>
</arguments>
<msg timestamp="20210917 19:17:48.598" level="INFO">255</msg>
<status status="PASS" starttime="20210917 19:17:48.597" endtime="20210917 19:17:48.599"></status>
</kw>
<status status="PASS" starttime="20210917 19:17:48.522" endtime="20210917 19:17:48.600"></status>
</kw>
<kw name="Reset User Password" library="CommonKeywordsAndVariables">
<arguments>
<arg>${dhl_username}</arg>
<arg>${dhl_password_hash}</arg>
</arguments>
<kw name="Set Variable" library="BuiltIn">
<doc>Returns the given values which can then be assigned to a variables.</doc>
<arguments>
<arg>(echo update users set password = '${password_hash_to_reset}', user_status_id = 2 where name like '${username_to_reset}'; &amp; echo commit;) | sqlplus -s ${db_ls_schema_name}/ls@${db_host}:${db_port}/${db_service}</arg>
</arguments>
<assign>
<var>${resetPasswordCommand}</var>
</assign>
<msg timestamp="20210917 19:17:48.604" level="INFO">${resetPasswordCommand} = (echo update users set password = 'Drm9xDqrd2fCvfQmIGcYs4IP5Xg=', user_status_id = 2 where name like 'dhluser'; &amp; echo commit;) | sqlplus -s totalt_ls/ls@10.192.1.168:1521/TOTALT_DEV</msg>
<status status="PASS" starttime="20210917 19:17:48.602" endtime="20210917 19:17:48.604"></status>
</kw>
<kw name="Log" library="BuiltIn">
<doc>Logs the given message with the given level.</doc>
<arguments>
<arg>${resetPasswordCommand}</arg>
</arguments>
<msg timestamp="20210917 19:17:48.606" level="INFO">(echo update users set password = 'Drm9xDqrd2fCvfQmIGcYs4IP5Xg=', user_status_id = 2 where name like 'dhluser'; &amp; echo commit;) | sqlplus -s totalt_ls/ls@10.192.1.168:1521/TOTALT_DEV</msg>
<status status="PASS" starttime="20210917 19:17:48.605" endtime="20210917 19:17:48.607"></status>
</kw>
<kw name="Run And Return Rc" library="OperatingSystem">
<doc>Runs the given command in the system and returns the return code.</doc>
<arguments>
<arg>${resetPasswordCommand}</arg>
</arguments>
<assign>
<var>${rc}</var>
</assign>
<msg timestamp="20210917 19:17:48.623" level="INFO">Running command '(echo update users set password = 'Drm9xDqrd2fCvfQmIGcYs4IP5Xg=', user_status_id = 2 where name like 'dhluser'; &amp; echo commit;) | sqlplus -s totalt_ls/ls@10.192.1.168:1521/TOTALT_DEV 2&gt;&amp;1'.</msg>
<msg timestamp="20210917 19:17:48.670" level="INFO">${rc} = 255</msg>
<status status="PASS" starttime="20210917 19:17:48.607" endtime="20210917 19:17:48.671"></status>
</kw>
<kw name="Log" library="BuiltIn">
<doc>Logs the given message with the given level.</doc>
<arguments>
<arg>${rc}</arg>
</arguments>
<msg timestamp="20210917 19:17:48.672" level="INFO">255</msg>
<status status="PASS" starttime="20210917 19:17:48.671" endtime="20210917 19:17:48.673"></status>
</kw>
<status status="PASS" starttime="20210917 19:17:48.600" endtime="20210917 19:17:48.674"></status>
</kw>
<kw name="Create Sessions" library="CommonKeywordsAndVariables">
<kw name="Set Log Level" library="BuiltIn">
<doc>Sets the log threshold to the specified level and returns the old level.</doc>
<arguments>
<arg>debug</arg>
</arguments>
<msg timestamp="20210917 19:17:48.677" level="INFO">Log level changed from INFO to DEBUG.</msg>
<status status="PASS" starttime="20210917 19:17:48.676" endtime="20210917 19:17:48.678"></status>
</kw>
<kw name="Delete All Sessions" library="RequestsLibrary">
<doc>Removes all the session objects</doc>
<msg timestamp="20210917 19:17:48.680" level="INFO">Delete All Sessions</msg>
<status status="PASS" starttime="20210917 19:17:48.679" endtime="20210917 19:17:48.680"></status>
</kw>
<kw name="Create Dictionary" library="BuiltIn">
<doc>Creates and returns a dictionary based on the given ``items``.</doc>
<arguments>
<arg>http=localhost:8080</arg>
<arg>https=localhost:8080</arg>
</arguments>
<assign>
<var>${proxies}</var>
</assign>
<msg timestamp="20210917 19:17:48.683" level="INFO">${proxies} = {'http': 'localhost:8080', 'https': 'localhost:8080'}</msg>
<status status="PASS" starttime="20210917 19:17:48.681" endtime="20210917 19:17:48.683"></status>
</kw>
<kw name="Run Keyword If" library="BuiltIn">
<doc>Runs the given keyword with the given arguments, if ``condition`` is true.</doc>
<arguments>
<arg>'${enable_burp_proxy}'=='true'</arg>
<arg>Create Session</arg>
<arg>regularSession</arg>
<arg>${url}</arg>
<arg>debug=3</arg>
<arg>proxies=${proxies}</arg>
</arguments>
<status status="PASS" starttime="20210917 19:17:48.684" endtime="20210917 19:17:48.685"></status>
</kw>
<kw name="Run Keyword Unless" library="BuiltIn">
<doc>Runs the given keyword with the given arguments if ``condition`` is false.</doc>
<arguments>
<arg>'${enable_burp_proxy}'=='true'</arg>
<arg>Create Session</arg>
<arg>regularSession</arg>
<arg>${url}</arg>
<arg>debug=3</arg>
</arguments>
<kw name="Create Session" library="RequestsLibrary">
<doc>Create Session: create a HTTP session to a server</doc>
<arguments>
<arg>regularSession</arg>
<arg>${url}</arg>
<arg>debug=3</arg>
</arguments>
<msg timestamp="20210917 19:17:48.688" level="INFO">Creating Session using : alias=regularSession, url=https://totalt-devint.netdeposit.com, headers={},                     cookies={}, auth=None, timeout=None, proxies=None, verify=False,                     debug=3 </msg>
<msg timestamp="20210917 19:17:48.688" level="DEBUG">Creating session: regularSession</msg>
<status status="PASS" starttime="20210917 19:17:48.687" endtime="20210917 19:17:48.689"></status>
</kw>
<status status="PASS" starttime="20210917 19:17:48.686" endtime="20210917 19:17:48.689"></status>
</kw>
<kw name="Run Keyword If" library="BuiltIn">
<doc>Runs the given keyword with the given arguments, if ``condition`` is true.</doc>
<arguments>
<arg>'${enable_burp_proxy}'=='true'</arg>
<arg>Create Session</arg>
<arg>adminSession</arg>
<arg>${url}</arg>
<arg>debug=3</arg>
<arg>proxies=${proxies}</arg>
</arguments>
<status status="PASS" starttime="20210917 19:17:48.690" endtime="20210917 19:17:48.691"></status>
</kw>
<kw name="Run Keyword Unless" library="BuiltIn">
<doc>Runs the given keyword with the given arguments if ``condition`` is false.</doc>
<arguments>
<arg>'${enable_burp_proxy}'=='true'</arg>
<arg>Create Session</arg>
<arg>adminSession</arg>
<arg>${url}</arg>
<arg>debug=3</arg>
</arguments>
<kw name="Create Session" library="RequestsLibrary">
<doc>Create Session: create a HTTP session to a server</doc>
<arguments>
<arg>adminSession</arg>
<arg>${url}</arg>
<arg>debug=3</arg>
</arguments>
<msg timestamp="20210917 19:17:48.694" level="INFO">Creating Session using : alias=adminSession, url=https://totalt-devint.netdeposit.com, headers={},                     cookies={}, auth=None, timeout=None, proxies=None, verify=False,                     debug=3 </msg>
<msg timestamp="20210917 19:17:48.694" level="DEBUG">Creating session: adminSession</msg>
<status status="PASS" starttime="20210917 19:17:48.693" endtime="20210917 19:17:48.695"></status>
</kw>
<status status="PASS" starttime="20210917 19:17:48.692" endtime="20210917 19:17:48.696"></status>
</kw>
<kw name="Run Keyword If" library="BuiltIn">
<doc>Runs the given keyword with the given arguments, if ``condition`` is true.</doc>
<arguments>
<arg>'${enable_burp_proxy}'=='true'</arg>
<arg>Create Session</arg>
<arg>dhlSession</arg>
<arg>${url}</arg>
<arg>debug=3</arg>
<arg>proxies=${proxies}</arg>
</arguments>
<status status="PASS" starttime="20210917 19:17:48.697" endtime="20210917 19:17:48.698"></status>
</kw>
<kw name="Run Keyword Unless" library="BuiltIn">
<doc>Runs the given keyword with the given arguments if ``condition`` is false.</doc>
<arguments>
<arg>'${enable_burp_proxy}'=='true'</arg>
<arg>Create Session</arg>
<arg>dhlSession</arg>
<arg>${url}</arg>
<arg>debug=3</arg>
</arguments>
<kw name="Create Session" library="RequestsLibrary">
<doc>Create Session: create a HTTP session to a server</doc>
<arguments>
<arg>dhlSession</arg>
<arg>${url}</arg>
<arg>debug=3</arg>
</arguments>
<msg timestamp="20210917 19:17:48.705" level="INFO">Creating Session using : alias=dhlSession, url=https://totalt-devint.netdeposit.com, headers={},                     cookies={}, auth=None, timeout=None, proxies=None, verify=False,                     debug=3 </msg>
<msg timestamp="20210917 19:17:48.705" level="DEBUG">Creating session: dhlSession</msg>
<status status="PASS" starttime="20210917 19:17:48.700" endtime="20210917 19:17:48.706"></status>
</kw>
<status status="PASS" starttime="20210917 19:17:48.699" endtime="20210917 19:17:48.706"></status>
</kw>
<status status="PASS" starttime="20210917 19:17:48.674" endtime="20210917 19:17:48.706"></status>
</kw>
<kw name="Log Variables" library="BuiltIn">
<doc>Logs all variables in the current scope with given log level.</doc>
<msg timestamp="20210917 19:17:48.711" level="INFO">${/} = \</msg>
<msg timestamp="20210917 19:17:48.711" level="INFO">${:} = ;</msg>
<msg timestamp="20210917 19:17:48.712" level="INFO">${\n} = 
</msg>
<msg timestamp="20210917 19:17:48.712" level="INFO">${account_location_id} = ACCOUNT_LOCATION_ID_NOT_FOUND</msg>
<msg timestamp="20210917 19:17:48.713" level="INFO">${account_location_search_default} = State Street Account</msg>
<msg timestamp="20210917 19:17:48.713" level="INFO">${account_location_time_zone_default} = (-07:00) US Mountain Time</msg>
<msg timestamp="20210917 19:17:48.714" level="INFO">${account_number} = 021000021</msg>
<msg timestamp="20210917 19:17:48.714" level="INFO">${account_search_string} = Downtown</msg>
<msg timestamp="20210917 19:17:48.714" level="INFO">${account_text_checking} = CHECKING</msg>
<msg timestamp="20210917 19:17:48.715" level="INFO">${account_text_credit_card} = Credit Card</msg>
<msg timestamp="20210917 19:17:48.715" level="INFO">${account_text_saving} = SAVINGS</msg>
<msg timestamp="20210917 19:17:48.715" level="INFO">${accountAchAccountId} = PROCESSING_ACCOUNT_ID_NOT_FOUND</msg>
<msg timestamp="20210917 19:17:48.715" level="INFO">${accountCardId} = SIGNATURE_ID_NOT_FOUND</msg>
<msg timestamp="20210917 19:17:48.716" level="INFO">${ach} = ACH</msg>
<msg timestamp="20210917 19:17:48.716" level="INFO">${ach_created_customer_id} = ACH_CREATED_CUSTOMER_ID_NOT_FOUND</msg>
<msg timestamp="20210917 19:17:48.716" level="INFO">${ach_pmt_acct_id} = ACH_PAYMENT_ACCOUNT_ID_NOT_FOUND</msg>
<msg timestamp="20210917 19:17:48.717" level="INFO">${acount_location_name_uniqueifier} = ACCOUNT_LOCATION_UNIQUEIFIER_NOT_FOUND</msg>
<msg timestamp="20210917 19:17:48.717" level="INFO">${add_new} = Add New</msg>
<msg timestamp="20210917 19:17:48.717" level="INFO">${address_default} = 345 One Street Lane</msg>
<msg timestamp="20210917 19:17:48.718" level="INFO">${admin_appName} = ADMIN</msg>
<msg timestamp="20210917 19:17:48.718" level="INFO">${admin_compName} = Total Transact</msg>
<msg timestamp="20210917 19:17:48.718" level="INFO">${admin_merchant_form_panel} = merchantform</msg>
<msg timestamp="20210917 19:17:48.718" level="INFO">${admin_password} = pass1</msg>
<msg timestamp="20210917 19:17:48.719" level="INFO">${admin_password_hash} = 8FePHnF0saQcTqjG4X96ijuIySo=</msg>
<msg timestamp="20210917 19:17:48.719" level="INFO">${admin_username} = admin</msg>
<msg timestamp="20210917 19:17:48.719" level="INFO">${air_way_bill_number} = AIRWAY_BILL_NUMBER_NOT_FOUND</msg>
<msg timestamp="20210917 19:17:48.720" level="INFO">${alert_id} = ALERT_ID_NOT_FOUND</msg>
<msg timestamp="20210917 19:17:48.720" level="INFO">${Amount} = Amount_NOT_FOUND</msg>
<msg timestamp="20210917 19:17:48.720" level="INFO">${amount_string} = _amount</msg>
<msg timestamp="20210917 19:17:48.721" level="INFO">${amount_string_text} = Amount Per Payment</msg>
<msg timestamp="20210917 19:17:48.721" level="INFO">${annually} = Annually</msg>
<msg timestamp="20210917 19:17:48.721" level="INFO">${api_key} = API_KEY_NOT_FOUND</msg>
<msg timestamp="20210917 19:17:48.721" level="INFO">${api_key_id} = API_KEY_ID_NOT_FOUND</msg>
<msg timestamp="20210917 19:17:48.722" level="INFO">${api_key_name} = API_KEY_NAME_NOT_FOUND</msg>
<msg timestamp="20210917 19:17:48.722" level="INFO">${api_processing_account_id} = API_PROCESSING_ACCOUNT_ID_NOT_FOUND</msg>
<msg timestamp="20210917 19:17:48.722" level="INFO">${appName} = SBPS</msg>
<msg timestamp="20210917 19:17:48.722" level="INFO">${authorization_agreement} = True</msg>
<msg timestamp="20210917 19:17:48.723" level="INFO">${authorized} = Authorized</msg>
<msg timestamp="20210917 19:17:48.724" level="INFO">${automted} = Automted</msg>
<msg timestamp="20210917 19:17:48.724" level="INFO">${BankAccountType} = BankAccountType_NOT_FOUND</msg>
<msg timestamp="20210917 19:17:48.724" level="INFO">${browser} = chrome</msg>
<msg timestamp="20210917 19:17:48.725" level="INFO">${BusinessName} = BUSINESS_NAME_NOT_FOUND</msg>
<msg timestamp="20210917 19:17:48.725" level="INFO">${captcha_safe_url} = totalt-devint.netdeposit.com</msg>
<msg timestamp="20210917 19:17:48.726" level="INFO">${card} = Card</msg>
<msg timestamp="20210917 19:17:48.726" level="INFO">${card_institution_alternate_default} = Monetra Loopback Emulator</msg>
<msg timestamp="20210917 19:17:48.726" level="INFO">${card_institution_default} = Monetra Loopback Emulator</msg>
<msg timestamp="20210917 19:17:48.727" level="INFO">${card_institution_search_string} = FDC Compass</msg>
<msg timestamp="20210917 19:17:48.727" level="INFO">${card_number} = 4111111111111111</msg>
<msg timestamp="20210917 19:17:48.727" level="INFO">${card_processor_default} = MONETRA-AZ</msg>
<msg timestamp="20210917 19:17:48.728" level="INFO">${card_processor_id} = CARD_PROCESSOR_ID_NOT_FOUND</msg>
<msg timestamp="20210917 19:17:48.728" level="INFO">${card_processor_search_string} = CYBERSOURCE</msg>
<msg timestamp="20210917 19:17:48.728" level="INFO">${cc_created_customer_id} = CC_CREATED_CUSTOMER_ID_NOT_FOUND</msg>
<msg timestamp="20210917 19:17:48.729" level="INFO">${cc_pmt_acct_id} = CC_PAYMENT_ACCOUNT_ID_NOT_FOUND</msg>
<msg timestamp="20210917 19:17:48.729" level="INFO">${cc_processor_based_failure_amount} = 5</msg>
<msg timestamp="20210917 19:17:48.729" level="INFO">${city_default} = Salt Lake Ciy Utah</msg>
<msg timestamp="20210917 19:17:48.730" level="INFO">${compName} = Topaz Soda</msg>
<msg timestamp="20210917 19:17:48.730" level="INFO">${country_id} = COUNTRY_ID_NOT_FOUND</msg>
<msg timestamp="20210917 19:17:48.730" level="INFO">${country_search_string} = United States</msg>
<msg timestamp="20210917 19:17:48.731" level="INFO">${current} = Current</msg>
<msg timestamp="20210917 19:17:48.731" level="INFO">${custom_field_id} = CUSTOM_FIELD_ID</msg>
<msg timestamp="20210917 19:17:48.731" level="INFO">${custom_field_name} = CUSTOM_FIELD_NAME</msg>
<msg timestamp="20210917 19:17:48.731" level="INFO">${customer_id_default} = IN6sp4M9EL0Ps7cK</msg>
<msg timestamp="20210917 19:17:48.732" level="INFO">${customer_name_random_part} = CUSTOMER_NAME_RANDOM_PART_NOT_FOUND</msg>
<msg timestamp="20210917 19:17:48.732" level="INFO">${customer_payment_accounts_ach_gridpanel} = achaccountsgridpanel</msg>
<msg timestamp="20210917 19:17:48.733" level="INFO">${customer_payment_accounts_card_gridpanel} = ccaccountsgridpanel</msg>
<msg timestamp="20210917 19:17:48.733" level="INFO">${customer_payment_accounts_panel} = customerpaymentaccountspanel</msg>
<msg timestamp="20210917 19:17:48.733" level="INFO">${customer_search_default} = qBlIiQWIkZIfDyJVKpoC</msg>
<msg timestamp="20210917 19:17:48.734" level="INFO">${customerid} = OrganizationType id_FOUND</msg>
<msg timestamp="20210917 19:17:48.734" level="INFO">${cvv} = 999</msg>
<msg timestamp="20210917 19:17:48.734" level="INFO">${cvv_default} = 999</msg>
<msg timestamp="20210917 19:17:48.735" level="INFO">${cvv_dhl_default} = 111</msg>
<msg timestamp="20210917 19:17:48.735" level="INFO">${db_base_schema_name} = totalt_sbps_base</msg>
<msg timestamp="20210917 19:17:48.735" level="INFO">${db_base_schema_password} = sbps</msg>
<msg timestamp="20210917 19:17:48.735" level="INFO">${db_host} = 10.192.1.168</msg>
<msg timestamp="20210917 19:17:48.736" level="INFO">${db_ls_schema_name} = totalt_ls</msg>
<msg timestamp="20210917 19:17:48.736" level="INFO">${db_port} = 1521</msg>
<msg timestamp="20210917 19:17:48.736" level="INFO">${db_service} = TOTALT_DEV</msg>
<msg timestamp="20210917 19:17:48.737" level="INFO">${DEBUG_FILE} = NONE</msg>
<msg timestamp="20210917 19:17:48.737" level="INFO">${dhl_password} = Finastra1!</msg>
<msg timestamp="20210917 19:17:48.737" level="INFO">${dhl_password_hash} = Drm9xDqrd2fCvfQmIGcYs4IP5Xg=</msg>
<msg timestamp="20210917 19:17:48.738" level="INFO">${dhl_username} = dhluser</msg>
<msg timestamp="20210917 19:17:48.738" level="INFO">${disable_credit_card_tests} = False</msg>
<msg timestamp="20210917 19:17:48.738" level="INFO">${email_address_default} = Kara.Jensen@seleniumtest.com</msg>
<msg timestamp="20210917 19:17:48.739" level="INFO">${email_domain_default} = seleniumtest</msg>
<msg timestamp="20210917 19:17:48.739" level="INFO">${enable_burp_proxy} = false</msg>
<msg timestamp="20210917 19:17:48.739" level="INFO">${endpoint_id} = ENDPOINT_ID_NOT_FOUND</msg>
<msg timestamp="20210917 19:17:48.740" level="INFO">${endpoint_search_string} = Topaz Reseller</msg>
<msg timestamp="20210917 19:17:48.740" level="INFO">${environemnt} = Environment Default</msg>
<msg timestamp="20210917 19:17:48.741" level="INFO">${EXECDIR} = C:\Users\akhil.kumar\Perforce\akhil.kumar_TRV-LT-AKHILK_9539\TotalTransact\Robot\sbps\main\TotalTransact</msg>
<msg timestamp="20210917 19:17:48.741" level="INFO">${expiration_date_default} = 12/23</msg>
<msg timestamp="20210917 19:17:48.741" level="INFO">${expiration_month} = Date %m</msg>
<msg timestamp="20210917 19:17:48.742" level="INFO">${expiration_year} = Date %y</msg>
<msg timestamp="20210917 19:17:48.742" level="INFO">${external_id} = EXTERNAL_ID_NOT_FOUND</msg>
<msg timestamp="20210917 19:17:48.742" level="INFO">${False} = False</msg>
<msg timestamp="20210917 19:17:48.742" level="INFO">${fee_schedule_id} = FEE_SCHEDULE_ID_NOT_FOUND</msg>
<msg timestamp="20210917 19:17:48.743" level="INFO">${fee_schedule_name} = FEE_SCHEDULE_NAME</msg>
<msg timestamp="20210917 19:17:48.743" level="INFO">${first_and_15th} = 1st and 15th</msg>
<msg timestamp="20210917 19:17:48.743" level="INFO">${first_name} = FIRST NAME</msg>
<msg timestamp="20210917 19:17:48.743" level="INFO">${first_name_default} = Kara</msg>
<msg timestamp="20210917 19:17:48.744" level="INFO">${fullname_default} = John Doe</msg>
<msg timestamp="20210917 19:17:48.744" level="INFO">${future} = Future</msg>
<msg timestamp="20210917 19:17:48.744" level="INFO">${gateway_profile_search_string} = ptest</msg>
<msg timestamp="20210917 19:17:48.745" level="INFO">${gateway_profiles_id} = GATEWAY_PROFILE_ID_NOT_FOUND</msg>
<msg timestamp="20210917 19:17:48.745" level="INFO">${gateway_time_zone_default} = (-07:00) US Mountain Time</msg>
<msg timestamp="20210917 19:17:48.746" level="INFO">${hpp_customer_information_panel} = tellusaboutyourself</msg>
<msg timestamp="20210917 19:17:48.746" level="INFO">${hpp_payment_information_panel} = paymentinformation</msg>
<msg timestamp="20210917 19:17:48.746" level="INFO">${hpp_review_panel} = reviewpanel</msg>
<msg timestamp="20210917 19:17:48.747" level="INFO">${installment} = Installment</msg>
<msg timestamp="20210917 19:17:48.747" level="INFO">${invalid} = Invalid</msg>
<msg timestamp="20210917 19:17:48.748" level="INFO">${invalid_amount_text} = Declined Card Pyment Amount</msg>
<msg timestamp="20210917 19:17:48.748" level="INFO">${last_name} = LAST NAME</msg>
<msg timestamp="20210917 19:17:48.752" level="INFO">${last_name_default} = Jensen</msg>
<msg timestamp="20210917 19:17:48.753" level="INFO">${latency_time_default} = 15s</msg>
<msg timestamp="20210917 19:17:48.753" level="INFO">${LOG_FILE} = C:\Users\akhil.kumar\Perforce\akhil.kumar_TRV-LT-AKHILK_9539\TotalTransact\Robot\sbps\main\TotalTransact\log.html</msg>
<msg timestamp="20210917 19:17:48.754" level="INFO">${LOG_LEVEL} = DEBUG</msg>
<msg timestamp="20210917 19:17:48.754" level="INFO">${manual} = Manual</msg>
<msg timestamp="20210917 19:17:48.754" level="INFO">${memo} = Paragraph</msg>
<msg timestamp="20210917 19:17:48.755" level="INFO">${merchant__org_id} = merchant__org_id_NOT_FOUND</msg>
<msg timestamp="20210917 19:17:48.755" level="INFO">${merchant_external_id} = merchant_external_id_NOT_FOUND</msg>
<msg timestamp="20210917 19:17:48.755" level="INFO">${merchant_id} = MERCHANT_ID_NOT_FOUND</msg>
<msg timestamp="20210917 19:17:48.756" level="INFO">${merchant_merchant_id} = merchant_merchant_id_NOT_FOUND</msg>
<msg timestamp="20210917 19:17:48.756" level="INFO">${merchant_search_default} = Sapphire Auto</msg>
<msg timestamp="20210917 19:17:48.756" level="INFO">${merchant_search_string} = Topaz Soda</msg>
<msg timestamp="20210917 19:17:48.759" level="INFO">${merchant_time_zone_default} = (-07:00) US Mountain Time</msg>
<msg timestamp="20210917 19:17:48.759" level="INFO">${monthly} = Monthly</msg>
<msg timestamp="20210917 19:17:48.760" level="INFO">${None} = None</msg>
<msg timestamp="20210917 19:17:48.761" level="INFO">${notes} = Catch Phrase</msg>
<msg timestamp="20210917 19:17:48.761" level="INFO">${null} = None</msg>
<msg timestamp="20210917 19:17:48.762" level="INFO">${number_string} = _number</msg>
<msg timestamp="20210917 19:17:48.763" level="INFO">${number_string_text} = Number of Payments</msg>
<msg timestamp="20210917 19:17:48.764" level="INFO">${one_time} = One Time</msg>
<msg timestamp="20210917 19:17:48.765" level="INFO">${OrganizationTypeid} = OrganizationType id_FOUND</msg>
<msg timestamp="20210917 19:17:48.765" level="INFO">${OUTPUT_DIR} = C:\Users\akhil.kumar\Perforce\akhil.kumar_TRV-LT-AKHILK_9539\TotalTransact\Robot\sbps\main\TotalTransact</msg>
<msg timestamp="20210917 19:17:48.766" level="INFO">${OUTPUT_FILE} = C:\Users\akhil.kumar\Perforce\akhil.kumar_TRV-LT-AKHILK_9539\TotalTransact\Robot\sbps\main\TotalTransact\output.xml</msg>
<msg timestamp="20210917 19:17:48.766" level="INFO">${pament_account_default} = MASTERCARD xxxxx2226</msg>
<msg timestamp="20210917 19:17:48.767" level="INFO">${password} = pass1</msg>
<msg timestamp="20210917 19:17:48.767" level="INFO">${password_hash} = 8FePHnF0saQcTqjG4X96ijuIySo=</msg>
<msg timestamp="20210917 19:17:48.767" level="INFO">${payment_account_ach_name_default} = Selenium ACH</msg>
<msg timestamp="20210917 19:17:48.768" level="INFO">${payment_account_card_name_default} = Selenium Card</msg>
<msg timestamp="20210917 19:17:48.768" level="INFO">${payment_account_default} = Add New</msg>
<msg timestamp="20210917 19:17:48.768" level="INFO">${payment_date_default} = 02/13/2019</msg>
<msg timestamp="20210917 19:17:48.769" level="INFO">${payment_denied_response_text} = Payment has been declined!</msg>
<msg timestamp="20210917 19:17:48.770" level="INFO">${payment_external_id} = PAYMENT_EXTERNAL_ID_NOT_FOUND</msg>
<msg timestamp="20210917 19:17:48.770" level="INFO">${payment_id} = PAYMENT_ID_NOT_FOUND</msg>
<msg timestamp="20210917 19:17:48.771" level="INFO">${payment_information_panel} = paymentinformationformpanel</msg>
<msg timestamp="20210917 19:17:48.771" level="INFO">${payment_mount_default} = 345.90</msg>
<msg timestamp="20210917 19:17:48.772" level="INFO">${payment_schedule_id} = PAYMENT_SCHEDULE_ID_NOT_FOUND</msg>
<msg timestamp="20210917 19:17:48.773" level="INFO">${payment_specialty_mount_default} = 69.00</msg>
<msg timestamp="20210917 19:17:48.773" level="INFO">${payment_sucess_response_text} = Transaction has been processed successfully!</msg>
<msg timestamp="20210917 19:17:48.774" level="INFO">${phone_authorization} = False</msg>
<msg timestamp="20210917 19:17:48.774" level="INFO">${phone_default} = 8018018001</msg>
<msg timestamp="20210917 19:17:48.775" level="INFO">${PREV_TEST_MESSAGE} = </msg>
<msg timestamp="20210917 19:17:48.775" level="INFO">${PREV_TEST_NAME} = </msg>
<msg timestamp="20210917 19:17:48.776" level="INFO">${PREV_TEST_STATUS} = </msg>
<msg timestamp="20210917 19:17:48.776" level="INFO">${processing_account_email_type_id} = PROCESSING_ACCOUNT_EMAIL_TYPE_ID</msg>
<msg timestamp="20210917 19:17:48.776" level="INFO">${processing_account_email_type_search_str} = CHANGE_NEXT_PAYMENT_DATE_EMAILS</msg>
<msg timestamp="20210917 19:17:48.777" level="INFO">${processing_account_id} = PROCESSING_ACCOUNT_ID_NOT_FOUND</msg>
<msg timestamp="20210917 19:17:48.777" level="INFO">${processing_account_location_id} = ACCOUNT_LOCATION_ID_NOT_FOUND</msg>
<msg timestamp="20210917 19:17:48.777" level="INFO">${processing_account_search_string} = Downtown</msg>
<msg timestamp="20210917 19:17:48.777" level="INFO">${profile_id} = PROFILE_ID_NOT_FOUND</msg>
<msg timestamp="20210917 19:17:48.778" level="INFO">${quarterly} = Quarterly</msg>
<msg timestamp="20210917 19:17:48.778" level="INFO">${recurring} = Recurring</msg>
<msg timestamp="20210917 19:17:48.778" level="INFO">${refportal_url} = https://totalt-devint.netdeposit.com</msg>
<msg timestamp="20210917 19:17:48.778" level="INFO">${REPORT_FILE} = C:\Users\akhil.kumar\Perforce\akhil.kumar_TRV-LT-AKHILK_9539\TotalTransact\Robot\sbps\main\TotalTransact\report.html</msg>
<msg timestamp="20210917 19:17:48.779" level="INFO">${reseller_default} = Sapphire Reseller</msg>
<msg timestamp="20210917 19:17:48.780" level="INFO">${reseller_id} = RESELLER_ID_NOT_FOUND</msg>
<msg timestamp="20210917 19:17:48.780" level="INFO">${reseller_search_string} = Topaz Reseller</msg>
<msg timestamp="20210917 19:17:48.780" level="INFO">${reset_password} = PASSWORD</msg>
<msg timestamp="20210917 19:17:48.781" level="INFO">${reset_username} = USER NAME</msg>
<msg timestamp="20210917 19:17:48.781" level="INFO">${routing_number} = 091000019</msg>
<msg timestamp="20210917 19:17:48.781" level="INFO">${scheduleId} = SIGNATURE_ID_NOT_FOUND</msg>
<msg timestamp="20210917 19:17:48.781" level="INFO">${semi_annually} = Semi-Annually</msg>
<msg timestamp="20210917 19:17:48.782" level="INFO">${session_id} = SESSION_ID_NOT_FOUND</msg>
<msg timestamp="20210917 19:17:48.782" level="INFO">${signature} = ODI4MjA2MTN8MjAxOC0xMS0zMCAwNzowNjowNyBVVEN8aGREZFZWaUxLdEx3aXpxckBmdW5kdGVjaC5jb218OTYyYTcwMTZmYWEwYTI4ZjNiYzM3NDNhZGU0NzFmNzM0Y2U4MA==</msg>
<msg timestamp="20210917 19:17:48.782" level="INFO">${SPACE} =  </msg>
<msg timestamp="20210917 19:17:48.782" level="INFO">${state_default} = UT</msg>
<msg timestamp="20210917 19:17:48.783" level="INFO">${successflag} = </msg>
<msg timestamp="20210917 19:17:48.783" level="INFO">${SUITE_DOCUMENTATION} = Creating a User and Resetting the Password in Specified Enviornment</msg>
<msg timestamp="20210917 19:17:48.783" level="INFO">&amp;{SUITE_METADATA} = { }</msg>
<msg timestamp="20210917 19:17:48.783" level="INFO">${SUITE_NAME} = TotalTransact.TestCases.UI.Apps.Admin.Users</msg>
<msg timestamp="20210917 19:17:48.784" level="INFO">${SUITE_SOURCE} = C:\Users\akhil.kumar\Perforce\akhil.kumar_TRV-LT-AKHILK_9539\TotalTransact\Robot\sbps\main\TotalTransact\TestCases\UI\apps\admin\users.robot</msg>
<msg timestamp="20210917 19:17:48.784" level="INFO">${TEMPDIR} = C:\Users\AKHIL~1.KUM\AppData\Local\Temp</msg>
<msg timestamp="20210917 19:17:48.784" level="INFO">${test_valid_amount_text} = Valid Payment Amount</msg>
<msg timestamp="20210917 19:17:48.784" level="INFO">${testServer} = AzureDevint</msg>
<msg timestamp="20210917 19:17:48.785" level="INFO">${testServerRequested} = AzureDevint</msg>
<msg timestamp="20210917 19:17:48.785" level="INFO">${time_zone_search_string} = (-10:00) Hawaii</msg>
<msg timestamp="20210917 19:17:48.785" level="INFO">${timezone_id} = TIMEZONE_ID_NOT_FOUND</msg>
<msg timestamp="20210917 19:17:48.785" level="INFO">${today} = 09/17/2021</msg>
<msg timestamp="20210917 19:17:48.786" level="INFO">${True} = True</msg>
<msg timestamp="20210917 19:17:48.786" level="INFO">${url} = https://totalt-devint.netdeposit.com</msg>
<msg timestamp="20210917 19:17:48.786" level="INFO">${user_search_string} = tsodamerchant</msg>
<msg timestamp="20210917 19:17:48.786" level="INFO">${user_test_amount_text} = User Submitted Payment Amount</msg>
<msg timestamp="20210917 19:17:48.787" level="INFO">${Userid} = Userid_NOT_FOUND</msg>
<msg timestamp="20210917 19:17:48.787" level="INFO">${username} = tsodamerchant</msg>
<msg timestamp="20210917 19:17:48.787" level="INFO">${valid} = Valid</msg>
<msg timestamp="20210917 19:17:48.788" level="INFO">${wait_time_default} = 15s</msg>
<msg timestamp="20210917 19:17:48.788" level="INFO">${weekly} = Weekly</msg>
<msg timestamp="20210917 19:17:48.788" level="INFO">${written_authorization} = True</msg>
<msg timestamp="20210917 19:17:48.788" level="INFO">${yesterday} = Subtract Time From Date NULL 1d result_format=%m/%d/%Y exclude_millis=True date_format=%m/%d/%Y</msg>
<msg timestamp="20210917 19:17:48.789" level="INFO">${zero_fee_schedule_id} = ZERO_FEE_SCHEDULE_ID_NOT_FOUND</msg>
<msg timestamp="20210917 19:17:48.789" level="INFO">${zero_fee_schedule_name} = Zero Fee Schedule</msg>
<msg timestamp="20210917 19:17:48.789" level="INFO">${zero_fee_schedule_name_upper} = ZERO FEE SCHEDULE</msg>
<msg timestamp="20210917 19:17:48.790" level="INFO">${zip_code_default} = 80493</msg>
<status status="PASS" starttime="20210917 19:17:48.707" endtime="20210917 19:17:48.790"></status>
</kw>
<status status="PASS" starttime="20210917 19:17:44.413" endtime="20210917 19:17:48.790"></status>
</kw>
<kw name="Login">
<kw name="Login to Admin Portal Through UI" library="CommonUIKeywordsAndVariables">
<kw name="Configure Custom Selenium Locator" library="CommonUIKeywordsAndVariables">
<kw name="Add Location Strategy" library="SeleniumLibrary">
<doc>Adds a custom location strategy.</doc>
<arguments>
<arg>extjs</arg>
<arg>Extjs Locator Strategy</arg>
</arguments>
<status status="PASS" starttime="20210917 19:17:48.795" endtime="20210917 19:17:48.806"></status>
</kw>
<status status="PASS" starttime="20210917 19:17:48.794" endtime="20210917 19:17:48.807"></status>
</kw>
<kw name="Open Browser With Proxy If Needed" library="CommonUIKeywordsAndVariables">
<arguments>
<arg>${url}/sbpsAdmin/</arg>
</arguments>
<kw name="Run Keyword If" library="BuiltIn">
<doc>Runs the given keyword with the given arguments, if ``condition`` is true.</doc>
<arguments>
<arg>'${browser}'=='Firefox' and '${enable_burp_proxy}'=='true'</arg>
<arg>Create Firefox Profile With Proxy</arg>
<arg>${urlToOpen}</arg>
<arg>ELSE</arg>
<arg>Open Browser</arg>
<arg>${urlToOpen}</arg>
<arg>${browser}</arg>
</arguments>
<kw name="Open Browser" library="SeleniumLibrary">
<doc>Opens a new browser instance to the optional ``url``.</doc>
<arguments>
<arg>${urlToOpen}</arg>
<arg>${browser}</arg>
</arguments>
<msg timestamp="20210917 19:17:48.811" level="INFO">Opening browser 'chrome' to base url 'https://totalt-devint.netdeposit.com/sbpsAdmin/'.</msg>
<msg timestamp="20210917 19:17:49.505" level="DEBUG">POST http://127.0.0.1:62701/session {"capabilities": {"firstMatch": [{}], "alwaysMatch": {"browserName": "chrome", "platformName": "any", "goog:chromeOptions": {"extensions": [], "args": []}}}, "desiredCapabilities": {"browserName": "chrome", "version": "", "platform": "ANY", "goog:chromeOptions": {"extensions": [], "args": []}}}</msg>
<msg timestamp="20210917 19:17:49.506" level="DEBUG">Starting new HTTP connection (1): 127.0.0.1:62701</msg>
<msg timestamp="20210917 19:17:53.040" level="DEBUG">http://127.0.0.1:62701 "POST /session HTTP/1.1" 200 834</msg>
<msg timestamp="20210917 19:17:53.041" level="DEBUG">Finished Request</msg>
<msg timestamp="20210917 19:17:53.042" level="DEBUG">POST http://127.0.0.1:62701/session/4ca7de5aba631d10e21679682a7c5189/timeouts/async_script {"ms": 10000.0, "sessionId": "4ca7de5aba631d10e21679682a7c5189"}</msg>
<msg timestamp="20210917 19:17:53.045" level="DEBUG">http://127.0.0.1:62701 "POST /session/4ca7de5aba631d10e21679682a7c5189/timeouts/async_script HTTP/1.1" 200 72</msg>
<msg timestamp="20210917 19:17:53.048" level="DEBUG">Finished Request</msg>
<msg timestamp="20210917 19:17:53.049" level="DEBUG">POST http://127.0.0.1:62701/session/4ca7de5aba631d10e21679682a7c5189/timeouts/implicit_wait {"ms": 2000.0, "sessionId": "4ca7de5aba631d10e21679682a7c5189"}</msg>
<msg timestamp="20210917 19:17:53.052" level="DEBUG">http://127.0.0.1:62701 "POST /session/4ca7de5aba631d10e21679682a7c5189/timeouts/implicit_wait HTTP/1.1" 200 72</msg>
<msg timestamp="20210917 19:17:53.053" level="DEBUG">Finished Request</msg>
<msg timestamp="20210917 19:17:53.054" level="DEBUG">POST http://127.0.0.1:62701/session/4ca7de5aba631d10e21679682a7c5189/url {"url": "https://totalt-devint.netdeposit.com/sbpsAdmin/", "sessionId": "4ca7de5aba631d10e21679682a7c5189"}</msg>
<msg timestamp="20210917 19:17:58.140" level="DEBUG">http://127.0.0.1:62701 "POST /session/4ca7de5aba631d10e21679682a7c5189/url HTTP/1.1" 200 72</msg>
<msg timestamp="20210917 19:17:58.141" level="DEBUG">Finished Request</msg>
<msg timestamp="20210917 19:17:58.142" level="DEBUG">Opened browser with session id 4ca7de5aba631d10e21679682a7c5189.</msg>
<msg timestamp="20210917 19:17:58.142" level="INFO">send: b'POST /session HTTP/1.1\r\nHost: 127.0.0.1:62701\r\nAccept-Encoding: identity\r\nContent-Length: 295\r\nAccept: application/json\r\nContent-Type: application/json;charset=UTF-8\r\nUser-Agent: selenium/3.141.0 (python windows)\r\nConnection: keep-alive\r\n\r\n'
send: b'{"capabilities": {"firstMatch": [{}], "alwaysMatch": {"browserName": "chrome", "platformName": "any", "goog:chromeOptions": {"extensions": [], "args": []}}}, "desiredCapabilities": {"browserName": "chrome", "version": "", "platform": "ANY", "goog:chromeOptions": {"extensions": [], "args": []}}}'
reply: 'HTTP/1.1 200 OK\r\n'
header: Content-Length: 834
header: Content-Type: application/json; charset=utf-8
send: b'POST /session/4ca7de5aba631d10e21679682a7c5189/timeouts/async_script HTTP/1.1\r\nHost: 127.0.0.1:62701\r\nAccept-Encoding: identity\r\nContent-Length: 64\r\nAccept: application/json\r\nContent-Type: application/json;charset=UTF-8\r\nUser-Agent: selenium/3.141.0 (python windows)\r\nConnection: keep-alive\r\n\r\n'
send: b'{"ms": 10000.0, "sessionId": "4ca7de5aba631d10e21679682a7c5189"}'
reply: 'HTTP/1.1 200 OK\r\n'
header: Content-Length: 72
header: Content-Type: application/json; charset=utf-8
send: b'POST /session/4ca7de5aba631d10e21679682a7c5189/timeouts/implicit_wait HTTP/1.1\r\nHost: 127.0.0.1:62701\r\nAccept-Encoding: identity\r\nContent-Length: 63\r\nAccept: application/json\r\nContent-Type: application/json;charset=UTF-8\r\nUser-Agent: selenium/3.141.0 (python windows)\r\nConnection: keep-alive\r\n\r\n'
send: b'{"ms": 2000.0, "sessionId": "4ca7de5aba631d10e21679682a7c5189"}'
reply: 'HTTP/1.1 200 OK\r\n'
header: Content-Length: 72
header: Content-Type: application/json; charset=utf-8
send: b'POST /session/4ca7de5aba631d10e21679682a7c5189/url HTTP/1.1\r\nHost: 127.0.0.1:62701\r\nAccept-Encoding: identity\r\nContent-Length: 107\r\nAccept: application/json\r\nContent-Type: application/json;charset=UTF-8\r\nUser-Agent: selenium/3.141.0 (python windows)\r\nConnection: keep-alive\r\n\r\n'
send: b'{"url": "https://totalt-devint.netdeposit.com/sbpsAdmin/", "sessionId": "4ca7de5aba631d10e21679682a7c5189"}'
reply: 'HTTP/1.1 200 OK\r\n'
header: Content-Length: 72
header: Content-Type: application/json; charset=utf-8</msg>
<status status="PASS" starttime="20210917 19:17:48.809" endtime="20210917 19:17:58.143"></status>
</kw>
<status status="PASS" starttime="20210917 19:17:48.808" endtime="20210917 19:17:58.143"></status>
</kw>
<status status="PASS" starttime="20210917 19:17:48.807" endtime="20210917 19:17:58.144"></status>
</kw>
<kw name="Input Text" library="SeleniumLibrary">
<doc>Types the given ``text`` into the text field identified by ``locator``.</doc>
<arguments>
<arg>username</arg>
<arg>${admin_username}</arg>
</arguments>
<msg timestamp="20210917 19:17:58.148" level="INFO">Typing text 'admin' into text field 'username'.</msg>
<msg timestamp="20210917 19:17:58.149" level="DEBUG">POST http://127.0.0.1:62701/session/4ca7de5aba631d10e21679682a7c5189/elements {"using": "xpath", "value": "//*[(@id='username' or @name='username')]", "sessionId": "4ca7de5aba631d10e21679682a7c5189"}</msg>
<msg timestamp="20210917 19:17:58.191" level="DEBUG">http://127.0.0.1:62701 "POST /session/4ca7de5aba631d10e21679682a7c5189/elements HTTP/1.1" 200 104</msg>
<msg timestamp="20210917 19:17:58.192" level="DEBUG">Finished Request</msg>
<msg timestamp="20210917 19:17:58.192" level="DEBUG">POST http://127.0.0.1:62701/session/4ca7de5aba631d10e21679682a7c5189/element/0.9145303031106984-1/clear {"id": "0.9145303031106984-1", "sessionId": "4ca7de5aba631d10e21679682a7c5189"}</msg>
<msg timestamp="20210917 19:17:58.216" level="DEBUG">http://127.0.0.1:62701 "POST /session/4ca7de5aba631d10e21679682a7c5189/element/0.9145303031106984-1/clear HTTP/1.1" 200 72</msg>
<msg timestamp="20210917 19:17:58.216" level="DEBUG">Finished Request</msg>
<msg timestamp="20210917 19:17:58.217" level="DEBUG">POST http://127.0.0.1:62701/session/4ca7de5aba631d10e21679682a7c5189/element/0.9145303031106984-1/value {"text": "admin", "value": ["a", "d", "m", "i", "n"], "id": "0.9145303031106984-1", "sessionId": "4ca7de5aba631d10e21679682a7c5189"}</msg>
<msg timestamp="20210917 19:17:58.293" level="DEBUG">http://127.0.0.1:62701 "POST /session/4ca7de5aba631d10e21679682a7c5189/element/0.9145303031106984-1/value HTTP/1.1" 200 72</msg>
<msg timestamp="20210917 19:17:58.294" level="DEBUG">Finished Request</msg>
<msg timestamp="20210917 19:17:58.294" level="INFO">send: b'POST /session/4ca7de5aba631d10e21679682a7c5189/elements HTTP/1.1\r\nHost: 127.0.0.1:62701\r\nAccept-Encoding: identity\r\nContent-Length: 121\r\nAccept: application/json\r\nContent-Type: application/json;charset=UTF-8\r\nUser-Agent: selenium/3.141.0 (python windows)\r\nConnection: keep-alive\r\n\r\n'
send: b'{"using": "xpath", "value": "//*[(@id=\'username\' or @name=\'username\')]", "sessionId": "4ca7de5aba631d10e21679682a7c5189"}'
reply: 'HTTP/1.1 200 OK\r\n'
header: Content-Length: 104
header: Content-Type: application/json; charset=utf-8
send: b'POST /session/4ca7de5aba631d10e21679682a7c5189/element/0.9145303031106984-1/clear HTTP/1.1\r\nHost: 127.0.0.1:62701\r\nAccept-Encoding: identity\r\nContent-Length: 79\r\nAccept: application/json\r\nContent-Type: application/json;charset=UTF-8\r\nUser-Agent: selenium/3.141.0 (python windows)\r\nConnection: keep-alive\r\n\r\n'
send: b'{"id": "0.9145303031106984-1", "sessionId": "4ca7de5aba631d10e21679682a7c5189"}'
reply: 'HTTP/1.1 200 OK\r\n'
header: Content-Length: 72
header: Content-Type: application/json; charset=utf-8
send: b'POST /session/4ca7de5aba631d10e21679682a7c5189/element/0.9145303031106984-1/value HTTP/1.1\r\nHost: 127.0.0.1:62701\r\nAccept-Encoding: identity\r\nContent-Length: 132\r\nAccept: application/json\r\nContent-Type: application/json;charset=UTF-8\r\nUser-Agent: selenium/3.141.0 (python windows)\r\nConnection: keep-alive\r\n\r\n'
send: b'{"text": "admin", "value": ["a", "d", "m", "i", "n"], "id": "0.9145303031106984-1", "sessionId": "4ca7de5aba631d10e21679682a7c5189"}'
reply: 'HTTP/1.1 200 OK\r\n'
header: Content-Length: 72
header: Content-Type: application/json; charset=utf-8</msg>
<status status="PASS" starttime="20210917 19:17:58.145" endtime="20210917 19:17:58.295"></status>
</kw>
<kw name="Input Text" library="SeleniumLibrary">
<doc>Types the given ``text`` into the text field identified by ``locator``.</doc>
<arguments>
<arg>password</arg>
<arg>${admin_password}</arg>
</arguments>
<msg timestamp="20210917 19:17:58.297" level="INFO">Typing text 'pass1' into text field 'password'.</msg>
<msg timestamp="20210917 19:17:58.298" level="DEBUG">POST http://127.0.0.1:62701/session/4ca7de5aba631d10e21679682a7c5189/elements {"using": "xpath", "value": "//*[(@id='password' or @name='password')]", "sessionId": "4ca7de5aba631d10e21679682a7c5189"}</msg>
<msg timestamp="20210917 19:17:58.325" level="DEBUG">http://127.0.0.1:62701 "POST /session/4ca7de5aba631d10e21679682a7c5189/elements HTTP/1.1" 200 104</msg>
<msg timestamp="20210917 19:17:58.326" level="DEBUG">Finished Request</msg>
<msg timestamp="20210917 19:17:58.327" level="DEBUG">POST http://127.0.0.1:62701/session/4ca7de5aba631d10e21679682a7c5189/element/0.9145303031106984-2/clear {"id": "0.9145303031106984-2", "sessionId": "4ca7de5aba631d10e21679682a7c5189"}</msg>
<msg timestamp="20210917 19:17:58.360" level="DEBUG">http://127.0.0.1:62701 "POST /session/4ca7de5aba631d10e21679682a7c5189/element/0.9145303031106984-2/clear HTTP/1.1" 200 72</msg>
<msg timestamp="20210917 19:17:58.361" level="DEBUG">Finished Request</msg>
<msg timestamp="20210917 19:17:58.362" level="DEBUG">POST http://127.0.0.1:62701/session/4ca7de5aba631d10e21679682a7c5189/element/0.9145303031106984-2/value {"text": "pass1", "value": ["p", "a", "s", "s", "1"], "id": "0.9145303031106984-2", "sessionId": "4ca7de5aba631d10e21679682a7c5189"}</msg>
<msg timestamp="20210917 19:17:58.443" level="DEBUG">http://127.0.0.1:62701 "POST /session/4ca7de5aba631d10e21679682a7c5189/element/0.9145303031106984-2/value HTTP/1.1" 200 72</msg>
<msg timestamp="20210917 19:17:58.443" level="DEBUG">Finished Request</msg>
<msg timestamp="20210917 19:17:58.444" level="INFO">send: b'POST /session/4ca7de5aba631d10e21679682a7c5189/elements HTTP/1.1\r\nHost: 127.0.0.1:62701\r\nAccept-Encoding: identity\r\nContent-Length: 121\r\nAccept: application/json\r\nContent-Type: application/json;charset=UTF-8\r\nUser-Agent: selenium/3.141.0 (python windows)\r\nConnection: keep-alive\r\n\r\n'
send: b'{"using": "xpath", "value": "//*[(@id=\'password\' or @name=\'password\')]", "sessionId": "4ca7de5aba631d10e21679682a7c5189"}'
reply: 'HTTP/1.1 200 OK\r\n'
header: Content-Length: 104
header: Content-Type: application/json; charset=utf-8
send: b'POST /session/4ca7de5aba631d10e21679682a7c5189/element/0.9145303031106984-2/clear HTTP/1.1\r\nHost: 127.0.0.1:62701\r\nAccept-Encoding: identity\r\nContent-Length: 79\r\nAccept: application/json\r\nContent-Type: application/json;charset=UTF-8\r\nUser-Agent: selenium/3.141.0 (python windows)\r\nConnection: keep-alive\r\n\r\n'
send: b'{"id": "0.9145303031106984-2", "sessionId": "4ca7de5aba631d10e21679682a7c5189"}'
reply: 'HTTP/1.1 200 OK\r\n'
header: Content-Length: 72
header: Content-Type: application/json; charset=utf-8
send: b'POST /session/4ca7de5aba631d10e21679682a7c5189/element/0.9145303031106984-2/value HTTP/1.1\r\nHost: 127.0.0.1:62701\r\nAccept-Encoding: identity\r\nContent-Length: 132\r\nAccept: application/json\r\nContent-Type: application/json;charset=UTF-8\r\nUser-Agent: selenium/3.141.0 (python windows)\r\nConnection: keep-alive\r\n\r\n'
send: b'{"text": "pass1", "value": ["p", "a", "s", "s", "1"], "id": "0.9145303031106984-2", "sessionId": "4ca7de5aba631d10e21679682a7c5189"}'
reply: 'HTTP/1.1 200 OK\r\n'
header: Content-Length: 72
header: Content-Type: application/json; charset=utf-8</msg>
<status status="PASS" starttime="20210917 19:17:58.296" endtime="20210917 19:17:58.445"></status>
</kw>
<kw name="Click Button" library="SeleniumLibrary">
<doc>Clicks the button identified by ``locator``.</doc>
<arguments>
<arg>submit</arg>
</arguments>
<msg timestamp="20210917 19:17:58.447" level="INFO">Clicking button 'submit'.</msg>
<msg timestamp="20210917 19:17:58.447" level="DEBUG">GET http://127.0.0.1:62701/session/4ca7de5aba631d10e21679682a7c5189/url {"sessionId": "4ca7de5aba631d10e21679682a7c5189"}</msg>
<msg timestamp="20210917 19:17:58.455" level="DEBUG">http://127.0.0.1:62701 "GET /session/4ca7de5aba631d10e21679682a7c5189/url HTTP/1.1" 200 127</msg>
<msg timestamp="20210917 19:17:58.456" level="DEBUG">Finished Request</msg>
<msg timestamp="20210917 19:17:58.456" level="DEBUG">POST http://127.0.0.1:62701/session/4ca7de5aba631d10e21679682a7c5189/elements {"using": "xpath", "value": "//input[(@id='submit' or @name='submit' or @value='submit' or @src='submit' or @src='https://totalt-devint.netdeposit.com/sbpsAdmin/login/submit')]", "sessionId": "4ca7de5aba631d10e21679682a7c5189"}</msg>
<msg timestamp="20210917 19:17:58.483" level="DEBUG">http://127.0.0.1:62701 "POST /session/4ca7de5aba631d10e21679682a7c5189/elements HTTP/1.1" 200 104</msg>
<msg timestamp="20210917 19:17:58.484" level="DEBUG">Finished Request</msg>
<msg timestamp="20210917 19:17:58.484" level="DEBUG">POST http://127.0.0.1:62701/session/4ca7de5aba631d10e21679682a7c5189/element/0.9145303031106984-3/click {"id": "0.9145303031106984-3", "sessionId": "4ca7de5aba631d10e21679682a7c5189"}</msg>
<msg timestamp="20210917 19:18:00.264" level="DEBUG">http://127.0.0.1:62701 "POST /session/4ca7de5aba631d10e21679682a7c5189/element/0.9145303031106984-3/click HTTP/1.1" 200 72</msg>
<msg timestamp="20210917 19:18:00.265" level="DEBUG">Finished Request</msg>
<msg timestamp="20210917 19:18:00.266" level="INFO">send: b'GET /session/4ca7de5aba631d10e21679682a7c5189/url HTTP/1.1\r\nHost: 127.0.0.1:62701\r\nAccept-Encoding: identity\r\nAccept: application/json\r\nContent-Type: application/json;charset=UTF-8\r\nUser-Agent: selenium/3.141.0 (python windows)\r\nConnection: keep-alive\r\n\r\n'
reply: 'HTTP/1.1 200 OK\r\n'
header: Content-Length: 127
header: Content-Type: application/json; charset=utf-8
send: b'POST /session/4ca7de5aba631d10e21679682a7c5189/elements HTTP/1.1\r\nHost: 127.0.0.1:62701\r\nAccept-Encoding: identity\r\nContent-Length: 227\r\nAccept: application/json\r\nContent-Type: application/json;charset=UTF-8\r\nUser-Agent: selenium/3.141.0 (python windows)\r\nConnection: keep-alive\r\n\r\n'
send: b'{"using": "xpath", "value": "//input[(@id=\'submit\' or @name=\'submit\' or @value=\'submit\' or @src=\'submit\' or @src=\'https://totalt-devint.netdeposit.com/sbpsAdmin/login/submit\')]", "sessionId": "4ca7de5aba631d10e21679682a7c5189"}'
reply: 'HTTP/1.1 200 OK\r\n'
header: Content-Length: 104
header: Content-Type: application/json; charset=utf-8
send: b'POST /session/4ca7de5aba631d10e21679682a7c5189/element/0.9145303031106984-3/click HTTP/1.1\r\nHost: 127.0.0.1:62701\r\nAccept-Encoding: identity\r\nContent-Length: 79\r\nAccept: application/json\r\nContent-Type: application/json;charset=UTF-8\r\nUser-Agent: selenium/3.141.0 (python windows)\r\nConnection: keep-alive\r\n\r\n'
send: b'{"id": "0.9145303031106984-3", "sessionId": "4ca7de5aba631d10e21679682a7c5189"}'
reply: 'HTTP/1.1 200 OK\r\n'
header: Content-Length: 72
header: Content-Type: application/json; charset=utf-8</msg>
<status status="PASS" starttime="20210917 19:17:58.446" endtime="20210917 19:18:00.266"></status>
</kw>
<status status="PASS" starttime="20210917 19:17:48.792" endtime="20210917 19:18:00.267"></status>
</kw>
<kw name="Wait Until Page Contains Element" library="SeleniumLibrary">
<doc>Waits until the element ``locator`` appears on the current page.</doc>
<arguments>
<arg>xpath=//span[@class='x-tab-inner x-tab-inner-default' and contains(text(),'Users')]</arg>
</arguments>
<msg timestamp="20210917 19:18:00.269" level="DEBUG">POST http://127.0.0.1:62701/session/4ca7de5aba631d10e21679682a7c5189/elements {"using": "xpath", "value": "//span[@class='x-tab-inner x-tab-inner-default' and contains(text(),'Users')]", "sessionId": "4ca7de5aba631d10e21679682a7c5189"}</msg>
<msg timestamp="20210917 19:18:02.310" level="DEBUG">http://127.0.0.1:62701 "POST /session/4ca7de5aba631d10e21679682a7c5189/elements HTTP/1.1" 200 70</msg>
<msg timestamp="20210917 19:18:02.311" level="DEBUG">Finished Request</msg>
<msg timestamp="20210917 19:18:02.511" level="DEBUG">POST http://127.0.0.1:62701/session/4ca7de5aba631d10e21679682a7c5189/elements {"using": "xpath", "value": "//span[@class='x-tab-inner x-tab-inner-default' and contains(text(),'Users')]", "sessionId": "4ca7de5aba631d10e21679682a7c5189"}</msg>
<msg timestamp="20210917 19:18:04.548" level="DEBUG">http://127.0.0.1:62701 "POST /session/4ca7de5aba631d10e21679682a7c5189/elements HTTP/1.1" 200 70</msg>
<msg timestamp="20210917 19:18:04.549" level="DEBUG">Finished Request</msg>
<msg timestamp="20210917 19:18:04.749" level="DEBUG">POST http://127.0.0.1:62701/session/4ca7de5aba631d10e21679682a7c5189/elements {"using": "xpath", "value": "//span[@class='x-tab-inner x-tab-inner-default' and contains(text(),'Users')]", "sessionId": "4ca7de5aba631d10e21679682a7c5189"}</msg>
<msg timestamp="20210917 19:18:06.769" level="DEBUG">http://127.0.0.1:62701 "POST /session/4ca7de5aba631d10e21679682a7c5189/elements HTTP/1.1" 200 70</msg>
<msg timestamp="20210917 19:18:06.770" level="DEBUG">Finished Request</msg>
<msg timestamp="20210917 19:18:06.970" level="DEBUG">POST http://127.0.0.1:62701/session/4ca7de5aba631d10e21679682a7c5189/elements {"using": "xpath", "value": "//span[@class='x-tab-inner x-tab-inner-default' and contains(text(),'Users')]", "sessionId": "4ca7de5aba631d10e21679682a7c5189"}</msg>
<msg timestamp="20210917 19:18:07.380" level="DEBUG">http://127.0.0.1:62701 "POST /session/4ca7de5aba631d10e21679682a7c5189/elements HTTP/1.1" 200 105</msg>
<msg timestamp="20210917 19:18:07.381" level="DEBUG">Finished Request</msg>
<msg timestamp="20210917 19:18:07.382" level="INFO">send: b'POST /session/4ca7de5aba631d10e21679682a7c5189/elements HTTP/1.1\r\nHost: 127.0.0.1:62701\r\nAccept-Encoding: identity\r\nContent-Length: 157\r\nAccept: application/json\r\nContent-Type: application/json;charset=UTF-8\r\nUser-Agent: selenium/3.141.0 (python windows)\r\nConnection: keep-alive\r\n\r\n'
send: b'{"using": "xpath", "value": "//span[@class=\'x-tab-inner x-tab-inner-default\' and contains(text(),\'Users\')]", "sessionId": "4ca7de5aba631d10e21679682a7c5189"}'
reply: 'HTTP/1.1 200 OK\r\n'
header: Content-Length: 70
header: Content-Type: application/json; charset=utf-8
send: b'POST /session/4ca7de5aba631d10e21679682a7c5189/elements HTTP/1.1\r\nHost: 127.0.0.1:62701\r\nAccept-Encoding: identity\r\nContent-Length: 157\r\nAccept: application/json\r\nContent-Type: application/json;charset=UTF-8\r\nUser-Agent: selenium/3.141.0 (python windows)\r\nConnection: keep-alive\r\n\r\n'
send: b'{"using": "xpath", "value": "//span[@class=\'x-tab-inner x-tab-inner-default\' and contains(text(),\'Users\')]", "sessionId": "4ca7de5aba631d10e21679682a7c5189"}'
reply: 'HTTP/1.1 200 OK\r\n'
header: Content-Length: 70
header: Content-Type: application/json; charset=utf-8
send: b'POST /session/4ca7de5aba631d10e21679682a7c5189/elements HTTP/1.1\r\nHost: 127.0.0.1:62701\r\nAccept-Encoding: identity\r\nContent-Length: 157\r\nAccept: application/json\r\nContent-Type: application/json;charset=UTF-8\r\nUser-Agent: selenium/3.141.0 (python windows)\r\nConnection: keep-alive\r\n\r\n'
send: b'{"using": "xpath", "value": "//span[@class=\'x-tab-inner x-tab-inner-default\' and contains(text(),\'Users\')]", "sessionId": "4ca7de5aba631d10e21679682a7c5189"}'
reply: 'HTTP/1.1 200 OK\r\n'
header: Content-Length: 70
header: Content-Type: application/json; charset=utf-8
send: b'POST /session/4ca7de5aba631d10e21679682a7c5189/elements HTTP/1.1\r\nHost: 127.0.0.1:62701\r\nAccept-Encoding: identity\r\nContent-Length: 157\r\nAccept: application/json\r\nContent-Type: application/json;charset=UTF-8\r\nUser-Agent: selenium/3.141.0 (python windows)\r\nConnection: keep-alive\r\n\r\n'
send: b'{"using": "xpath", "value": "//span[@class=\'x-tab-inner x-tab-inner-default\' and contains(text(),\'Users\')]", "sessionId": "4ca7de5aba631d10e21679682a7c5189"}'
reply: 'HTTP/1.1 200 OK\r\n'
header: Content-Length: 105
header: Content-Type: application/json; charset=utf-8</msg>
<status status="PASS" starttime="20210917 19:18:00.268" endtime="20210917 19:18:07.382"></status>
</kw>
<status status="PASS" starttime="20210917 19:17:48.791" endtime="20210917 19:18:07.383"></status>
</kw>
<status status="PASS" starttime="20210917 19:17:44.411" endtime="20210917 19:18:07.384"></status>
</kw>
<test id="s1-s1-s1-s1-s1-s1-t1" name="Create Users">
<kw name="Generate Random String" library="String">
<doc>Generates a string with a desired ``length`` from the given ``chars``.</doc>
<arguments>
<arg>length=10</arg>
<arg>chars=[LETTERS]</arg>
</arguments>
<assign>
<var>${createdUsername}</var>
</assign>
<msg timestamp="20210917 19:18:07.389" level="INFO">${createdUsername} = LPIpjkHTWO</msg>
<status status="PASS" starttime="20210917 19:18:07.387" endtime="20210917 19:18:07.389"></status>
</kw>
<kw name="Set Suite Variable" library="BuiltIn">
<doc>Makes a variable available everywhere within the scope of the current suite.</doc>
<arguments>
<arg>\${createdUsername}</arg>
<arg>${createdUsername}</arg>
</arguments>
<msg timestamp="20210917 19:18:07.391" level="INFO">${createdUsername} = LPIpjkHTWO</msg>
<status status="PASS" starttime="20210917 19:18:07.390" endtime="20210917 19:18:07.392"></status>
</kw>
<kw name="Select Navigation Tab" library="CommonUIKeywordsAndVariables">
<arguments>
<arg>NV003</arg>
</arguments>
<kw name="Execute Javascript" library="SeleniumLibrary">
<doc>Executes the given JavaScript code with possible arguments.</doc>
<arguments>
<arg>var navigationTabPanel = Ext.ComponentQuery.query('tabpanel[cls=navigation]')[0],</arg>
<arg>text = messages.${messageId}(),</arg>
<arg>tabCard = Ext.ComponentQuery.query('tab[cls=navigation-tab][text=' + text + ']')[0].card;</arg>
<arg>navigationTabPanel.setActiveTab(tabCard);</arg>
</arguments>
<msg timestamp="20210917 19:18:07.395" level="INFO">Executing JavaScript:
var navigationTabPanel = Ext.ComponentQuery.query('tabpanel[cls=navigation]')[0],text = messages.NV003(),tabCard = Ext.ComponentQuery.query('tab[cls=navigation-tab][text=' + text + ']')[0].card;navigationTabPanel.setActiveTab(tabCard);
Without any arguments.</msg>
<msg timestamp="20210917 19:18:07.396" level="DEBUG">POST http://127.0.0.1:62701/session/4ca7de5aba631d10e21679682a7c5189/execute {"script": "var navigationTabPanel = Ext.ComponentQuery.query('tabpanel[cls=navigation]')[0],text = messages.NV003(),tabCard = Ext.ComponentQuery.query('tab[cls=navigation-tab][text=' + text + ']')[0].card;navigationTabPanel.setActiveTab(tabCard);", "args": [], "sessionId": "4ca7de5aba631d10e21679682a7c5189"}</msg>
<msg timestamp="20210917 19:18:07.818" level="DEBUG">http://127.0.0.1:62701 "POST /session/4ca7de5aba631d10e21679682a7c5189/execute HTTP/1.1" 200 72</msg>
<msg timestamp="20210917 19:18:07.819" level="DEBUG">Finished Request</msg>
<msg timestamp="20210917 19:18:07.819" level="INFO">send: b'POST /session/4ca7de5aba631d10e21679682a7c5189/execute HTTP/1.1\r\nHost: 127.0.0.1:62701\r\nAccept-Encoding: identity\r\nContent-Length: 310\r\nAccept: application/json\r\nContent-Type: application/json;charset=UTF-8\r\nUser-Agent: selenium/3.141.0 (python windows)\r\nConnection: keep-alive\r\n\r\n'
send: b'{"script": "var navigationTabPanel = Ext.ComponentQuery.query(\'tabpanel[cls=navigation]\')[0],text = messages.NV003(),tabCard = Ext.ComponentQuery.query(\'tab[cls=navigation-tab][text=\' + text + \']\')[0].card;navigationTabPanel.setActiveTab(tabCard);", "args": [], "sessionId": "4ca7de5aba631d10e21679682a7c5189"}'
reply: 'HTTP/1.1 200 OK\r\n'
header: Content-Length: 72
header: Content-Type: application/json; charset=utf-8</msg>
<status status="PASS" starttime="20210917 19:18:07.394" endtime="20210917 19:18:07.820"></status>
</kw>
<status status="PASS" starttime="20210917 19:18:07.392" endtime="20210917 19:18:07.820"></status>
</kw>
<kw name="_Expand Panel" library="CommonUIKeywordsAndVariables">
<arguments>
<arg>\#userForm</arg>
</arguments>
[...]
send: b'{"script": "Ext.ComponentQuery.query(\'#userResetPasswordForm &gt; #resetpasswordformpanel &gt; sharedtextfield\')[0].setValue(\'invalid_wonder\')", "args": [], "sessionId": "4ca7de5aba631d10e21679682a7c5189"}'
reply: 'HTTP/1.1 200 OK\r\n'
header: Content-Length: 72
header: Content-Type: application/json; charset=utf-8</msg>
<status status="PASS" starttime="20210917 19:19:14.235" endtime="20210917 19:19:14.253"></status>
</kw>
<status status="PASS" starttime="20210917 19:19:14.233" endtime="20210917 19:19:14.254"></status>
</kw>
<kw name="Click Ext button JS" library="CommonUIKeywordsAndVariables">
<arguments>
<arg>\#userResetPasswordForm &gt; button</arg>
</arguments>
<kw name="Execute Javascript" library="SeleniumLibrary">
<doc>Executes the given JavaScript code with possible arguments.</doc>
<arguments>
<arg>return Ext.ComponentQuery.query('${buttonLocatorQuery}')[0].isDisabled();</arg>
</arguments>
<assign>
<var>${isDisabled}</var>
</assign>
<msg timestamp="20210917 19:19:14.258" level="INFO">Executing JavaScript:
return Ext.ComponentQuery.query('#userResetPasswordForm &gt; button')[0].isDisabled();
Without any arguments.</msg>
<msg timestamp="20210917 19:19:14.259" level="DEBUG">POST http://127.0.0.1:62701/session/4ca7de5aba631d10e21679682a7c5189/execute {"script": "return Ext.ComponentQuery.query('#userResetPasswordForm &gt; button')[0].isDisabled();", "args": [], "sessionId": "4ca7de5aba631d10e21679682a7c5189"}</msg>
<msg timestamp="20210917 19:19:14.269" level="DEBUG">http://127.0.0.1:62701 "POST /session/4ca7de5aba631d10e21679682a7c5189/execute HTTP/1.1" 200 73</msg>
<msg timestamp="20210917 19:19:14.269" level="DEBUG">Finished Request</msg>
<msg timestamp="20210917 19:19:14.270" level="INFO">send: b'POST /session/4ca7de5aba631d10e21679682a7c5189/execute HTTP/1.1\r\nHost: 127.0.0.1:62701\r\nAccept-Encoding: identity\r\nContent-Length: 158\r\nAccept: application/json\r\nContent-Type: application/json;charset=UTF-8\r\nUser-Agent: selenium/3.141.0 (python windows)\r\nConnection: keep-alive\r\n\r\n'
send: b'{"script": "return Ext.ComponentQuery.query(\'#userResetPasswordForm &gt; button\')[0].isDisabled();", "args": [], "sessionId": "4ca7de5aba631d10e21679682a7c5189"}'
reply: 'HTTP/1.1 200 OK\r\n'
header: Content-Length: 73
header: Content-Type: application/json; charset=utf-8</msg>
<msg timestamp="20210917 19:19:14.271" level="INFO">${isDisabled} = False</msg>
<status status="PASS" starttime="20210917 19:19:14.257" endtime="20210917 19:19:14.271"></status>
</kw>
<kw name="Log" library="BuiltIn">
<doc>Logs the given message with the given level.</doc>
<arguments>
<arg>button ${buttonLocatorQuery}, isDisabled:${isDisabled}</arg>
</arguments>
<msg timestamp="20210917 19:19:14.275" level="INFO">button #userResetPasswordForm &gt; button, isDisabled:False</msg>
<status status="PASS" starttime="20210917 19:19:14.272" endtime="20210917 19:19:14.275"></status>
</kw>
<kw name="Should Not Be True" library="BuiltIn">
<doc>Fails if the given condition is true.</doc>
<arguments>
<arg>${isDisabled}</arg>
<arg>The button identified by ${buttonLocatorQuery} is disabled and cannot be clicked.</arg>
</arguments>
<status status="PASS" starttime="20210917 19:19:14.276" endtime="20210917 19:19:14.277"></status>
</kw>
<kw name="Execute Javascript" library="SeleniumLibrary">
<doc>Executes the given JavaScript code with possible arguments.</doc>
<arguments>
<arg>return Ext.ComponentQuery.query('${buttonLocatorQuery}')[0].getEl().id</arg>
</arguments>
<assign>
<var>${buttonId}</var>
</assign>
<msg timestamp="20210917 19:19:14.279" level="INFO">Executing JavaScript:
return Ext.ComponentQuery.query('#userResetPasswordForm &gt; button')[0].getEl().id
Without any arguments.</msg>
<msg timestamp="20210917 19:19:14.279" level="DEBUG">POST http://127.0.0.1:62701/session/4ca7de5aba631d10e21679682a7c5189/execute {"script": "return Ext.ComponentQuery.query('#userResetPasswordForm &gt; button')[0].getEl().id", "args": [], "sessionId": "4ca7de5aba631d10e21679682a7c5189"}</msg>
<msg timestamp="20210917 19:19:14.291" level="DEBUG">http://127.0.0.1:62701 "POST /session/4ca7de5aba631d10e21679682a7c5189/execute HTTP/1.1" 200 81</msg>
<msg timestamp="20210917 19:19:14.292" level="DEBUG">Finished Request</msg>
<msg timestamp="20210917 19:19:14.293" level="INFO">send: b'POST /session/4ca7de5aba631d10e21679682a7c5189/execute HTTP/1.1\r\nHost: 127.0.0.1:62701\r\nAccept-Encoding: identity\r\nContent-Length: 155\r\nAccept: application/json\r\nContent-Type: application/json;charset=UTF-8\r\nUser-Agent: selenium/3.141.0 (python windows)\r\nConnection: keep-alive\r\n\r\n'
send: b'{"script": "return Ext.ComponentQuery.query(\'#userResetPasswordForm &gt; button\')[0].getEl().id", "args": [], "sessionId": "4ca7de5aba631d10e21679682a7c5189"}'
reply: 'HTTP/1.1 200 OK\r\n'
header: Content-Length: 81
header: Content-Type: application/json; charset=utf-8</msg>
<msg timestamp="20210917 19:19:14.293" level="INFO">${buttonId} = button-1299</msg>
<status status="PASS" starttime="20210917 19:19:14.278" endtime="20210917 19:19:14.293"></status>
</kw>
<kw name="Log" library="BuiltIn">
<doc>Logs the given message with the given level.</doc>
<arguments>
<arg>button id specified by ${buttonLocatorQuery} is ${buttonId}</arg>
</arguments>
<msg timestamp="20210917 19:19:14.295" level="INFO">button id specified by #userResetPasswordForm &gt; button is button-1299</msg>
<status status="PASS" starttime="20210917 19:19:14.294" endtime="20210917 19:19:14.295"></status>
</kw>
<kw name="Click Element" library="SeleniumLibrary">
<doc>Click the element identified by ``locator``.</doc>
<arguments>
<arg>${buttonId}</arg>
</arguments>
<msg timestamp="20210917 19:19:14.297" level="INFO">Clicking element 'button-1299'.</msg>
<msg timestamp="20210917 19:19:14.297" level="DEBUG">POST http://127.0.0.1:62701/session/4ca7de5aba631d10e21679682a7c5189/elements {"using": "xpath", "value": "//*[(@id='button-1299' or @name='button-1299')]", "sessionId": "4ca7de5aba631d10e21679682a7c5189"}</msg>
<msg timestamp="20210917 19:19:14.318" level="DEBUG">http://127.0.0.1:62701 "POST /session/4ca7de5aba631d10e21679682a7c5189/elements HTTP/1.1" 200 106</msg>
<msg timestamp="20210917 19:19:14.319" level="DEBUG">Finished Request</msg>
<msg timestamp="20210917 19:19:14.319" level="DEBUG">POST http://127.0.0.1:62701/session/4ca7de5aba631d10e21679682a7c5189/element/0.36324964101244395-70/click {"id": "0.36324964101244395-70", "sessionId": "4ca7de5aba631d10e21679682a7c5189"}</msg>
<msg timestamp="20210917 19:19:14.375" level="DEBUG">http://127.0.0.1:62701 "POST /session/4ca7de5aba631d10e21679682a7c5189/element/0.36324964101244395-70/click HTTP/1.1" 200 818</msg>
<msg timestamp="20210917 19:19:14.376" level="DEBUG">Finished Request</msg>
<kw name="Capture Page Screenshot" library="SeleniumLibrary">
<doc>Takes a screenshot of the current page and embeds it into a log file.</doc>
<msg timestamp="20210917 19:19:14.795" level="DEBUG">GET http://127.0.0.1:62701/session/4ca7de5aba631d10e21679682a7c5189/screenshot {"sessionId": "4ca7de5aba631d10e21679682a7c5189"}</msg>
<msg timestamp="20210917 19:19:14.945" level="DEBUG">http://127.0.0.1:62701 "GET /session/4ca7de5aba631d10e21679682a7c5189/screenshot HTTP/1.1" 200 67398</msg>
<msg timestamp="20210917 19:19:14.945" level="DEBUG">Finished Request</msg>
<msg timestamp="20210917 19:19:14.951" level="INFO" html="yes">&lt;/td&gt;&lt;/tr&gt;&lt;tr&gt;&lt;td colspan="3"&gt;&lt;a href="selenium-screenshot-4973.png"&gt;&lt;img src="selenium-screenshot-4973.png" width="800px"&gt;&lt;/a&gt;</msg>
<msg timestamp="20210917 19:19:14.952" level="INFO">send: b'GET /session/4ca7de5aba631d10e21679682a7c5189/screenshot HTTP/1.1\r\nHost: 127.0.0.1:62701\r\nAccept-Encoding: identity\r\nAccept: application/json\r\nContent-Type: application/json;charset=UTF-8\r\nUser-Agent: selenium/3.141.0 (python windows)\r\nConnection: keep-alive\r\n\r\n'
reply: 'HTTP/1.1 200 OK\r\n'
header: Content-Length: 67398
header: Content-Type: application/json; charset=utf-8</msg>
<status status="PASS" starttime="20210917 19:19:14.377" endtime="20210917 19:19:14.952"></status>
</kw>
<msg timestamp="20210917 19:19:14.953" level="INFO">send: b'POST /session/4ca7de5aba631d10e21679682a7c5189/elements HTTP/1.1\r\nHost: 127.0.0.1:62701\r\nAccept-Encoding: identity\r\nContent-Length: 127\r\nAccept: application/json\r\nContent-Type: application/json;charset=UTF-8\r\nUser-Agent: selenium/3.141.0 (python windows)\r\nConnection: keep-alive\r\n\r\n'
send: b'{"using": "xpath", "value": "//*[(@id=\'button-1299\' or @name=\'button-1299\')]", "sessionId": "4ca7de5aba631d10e21679682a7c5189"}'
reply: 'HTTP/1.1 200 OK\r\n'
header: Content-Length: 106
header: Content-Type: application/json; charset=utf-8
send: b'POST /session/4ca7de5aba631d10e21679682a7c5189/element/0.36324964101244395-70/click HTTP/1.1\r\nHost: 127.0.0.1:62701\r\nAccept-Encoding: identity\r\nContent-Length: 81\r\nAccept: application/json\r\nContent-Type: application/json;charset=UTF-8\r\nUser-Agent: selenium/3.141.0 (python windows)\r\nConnection: keep-alive\r\n\r\n'
send: b'{"id": "0.36324964101244395-70", "sessionId": "4ca7de5aba631d10e21679682a7c5189"}'
reply: 'HTTP/1.1 200 OK\r\n'
header: Content-Length: 818
header: Content-Type: application/json; charset=utf-8</msg>
<msg timestamp="20210917 19:19:14.954" level="FAIL">WebDriverException: Message: unknown error: Element &lt;a class="x-btn x-unselectable x-box-item x-btn-default-small" hidefocus="on" unselectable="on" role="button" aria-hidden="false" aria-disabled="false" id="button-1299" data-componentid="button-1299" tabindex="0" target="_blank" style="top: 52px; margin: 0px; left: 0px;"&gt;...&lt;/a&gt; is not clickable at point (51, 362). Other element would receive the click: &lt;div id="buttontoolbar-1368-innerCt" data-ref="innerCt" role="presentation" class="x-box-inner" style="width: 758px; height: 32px;"&gt;...&lt;/div&gt;
  (Session info: chrome=93.0.4577.82)
  (Driver info: chromedriver=2.40.565498 (ea082db3280dd6843ebfb08a625e3eb905c4f5ab),platform=Windows NT 10.0.18363 x86_64)
</msg>
<msg timestamp="20210917 19:19:14.955" level="DEBUG">Traceback (most recent call last):
  File "C:\Python37\lib\site-packages\SeleniumLibrary\__init__.py", line 492, in run_keyword
    return DynamicCore.run_keyword(self, name, args, kwargs)
  File "C:\Python37\lib\site-packages\robotlibcore.py", line 103, in run_keyword
    return self.keywords[name](*args, **(kwargs or {}))
  File "C:\Python37\lib\site-packages\SeleniumLibrary\keywords\element.py", line 639, in click_element
    self.find_element(locator).click()
  File "C:\Python37\lib\site-packages\selenium\webdriver\remote\webelement.py", line 80, in click
    self._execute(Command.CLICK_ELEMENT)
  File "C:\Python37\lib\site-packages\selenium\webdriver\remote\webelement.py", line 633, in _execute
    return self._parent.execute(command, params)
  File "C:\Python37\lib\site-packages\selenium\webdriver\remote\webdriver.py", line 321, in execute
    self.error_handler.check_response(response)
  File "C:\Python37\lib\site-packages\selenium\webdriver\remote\errorhandler.py", line 242, in check_response
    raise exception_class(message, screen, stacktrace)</msg>
<status status="FAIL" starttime="20210917 19:19:14.296" endtime="20210917 19:19:14.955"></status>
</kw>
<status status="FAIL" starttime="20210917 19:19:14.255" endtime="20210917 19:19:14.955"></status>
</kw>
<kw name="Test UI Teardown" type="teardown">
<kw name="Failure Options">
<kw name="Run Keyword If Test Failed" library="BuiltIn">
<doc>Runs the given keyword with the given arguments, if the test failed.</doc>
<arguments>
<arg>Capture Page Screenshot</arg>
</arguments>
<kw name="Capture Page Screenshot" library="SeleniumLibrary">
<doc>Takes a screenshot of the current page and embeds it into a log file.</doc>
<msg timestamp="20210917 19:19:15.454" level="DEBUG">GET http://127.0.0.1:62701/session/4ca7de5aba631d10e21679682a7c5189/screenshot {"sessionId": "4ca7de5aba631d10e21679682a7c5189"}</msg>
<msg timestamp="20210917 19:19:15.636" level="DEBUG">http://127.0.0.1:62701 "GET /session/4ca7de5aba631d10e21679682a7c5189/screenshot HTTP/1.1" 200 67398</msg>
<msg timestamp="20210917 19:19:15.637" level="DEBUG">Finished Request</msg>
<msg timestamp="20210917 19:19:15.640" level="INFO" html="yes">&lt;/td&gt;&lt;/tr&gt;&lt;tr&gt;&lt;td colspan="3"&gt;&lt;a href="selenium-screenshot-4974.png"&gt;&lt;img src="selenium-screenshot-4974.png" width="800px"&gt;&lt;/a&gt;</msg>
<msg timestamp="20210917 19:19:15.640" level="INFO">send: b'GET /session/4ca7de5aba631d10e21679682a7c5189/screenshot HTTP/1.1\r\nHost: 127.0.0.1:62701\r\nAccept-Encoding: identity\r\nAccept: application/json\r\nContent-Type: application/json;charset=UTF-8\r\nUser-Agent: selenium/3.141.0 (python windows)\r\nConnection: keep-alive\r\n\r\n'
reply: 'HTTP/1.1 200 OK\r\n'
header: Content-Length: 67398
header: Content-Type: application/json; charset=utf-8</msg>
<status status="PASS" starttime="20210917 19:19:14.958" endtime="20210917 19:19:15.640"></status>
</kw>
<status status="PASS" starttime="20210917 19:19:14.958" endtime="20210917 19:19:15.641"></status>
</kw>
<status status="PASS" starttime="20210917 19:19:14.957" endtime="20210917 19:19:15.641"></status>
</kw>
<status status="PASS" starttime="20210917 19:19:14.956" endtime="20210917 19:19:15.642"></status>
</kw>
<tags>
<tag>Regression</tag>
</tags>
<status status="FAIL" starttime="20210917 19:19:14.229" endtime="20210917 19:19:15.642" critical="yes">WebDriverException: Message: unknown error: Element &lt;a class="x-btn x-unselectable x-box-item x-btn-default-small" hidefocus="on" unselectable="on" role="button" aria-hidden="false" aria-disabled="false" id="button-1299" data-componentid="button-1299" tabindex="0" target="_blank" style="top: 52px; margin: 0px; left: 0px;"&gt;...&lt;/a&gt; is not clickable at point (51, 362). Other element would receive the click: &lt;div id="buttontoolbar-1368-innerCt" data-ref="innerCt" role="presentation" class="x-box-inner" style="width: 758px; height: 32px;"&gt;...&lt;/div&gt;
  (Session info: chrome=93.0.4577.82)
  (Driver info: chromedriver=2.40.565498 (ea082db3280dd6843ebfb08a625e3eb905c4f5ab),platform=Windows NT 10.0.18363 x86_64)
</status>
</test>
<kw name="Teardown Test Suite" library="CommonKeywordsAndVariables" type="teardown">
<kw name="Run Keyword If" library="BuiltIn">
<doc>Runs the given keyword with the given arguments, if ``condition`` is true.</doc>
<arguments>
<arg>'${browser}'=='Firefox' and '${enable_burp_proxy}'=='true'</arg>
<arg>Remove Directory</arg>
<arg>${profile_path}</arg>
<arg>recursive=True</arg>
</arguments>
<status status="PASS" starttime="20210917 19:19:15.644" endtime="20210917 19:19:15.645"></status>
</kw>
<kw name="Close Browser" library="SeleniumLibrary">
<doc>Closes the current browser.</doc>
<msg timestamp="20210917 19:19:15.646" level="DEBUG">Closing browser with session id 4ca7de5aba631d10e21679682a7c5189.</msg>
<msg timestamp="20210917 19:19:15.646" level="DEBUG">DELETE http://127.0.0.1:62701/session/4ca7de5aba631d10e21679682a7c5189 {"sessionId": "4ca7de5aba631d10e21679682a7c5189"}</msg>
<msg timestamp="20210917 19:19:15.853" level="DEBUG">http://127.0.0.1:62701 "DELETE /session/4ca7de5aba631d10e21679682a7c5189 HTTP/1.1" 200 72</msg>
<msg timestamp="20210917 19:19:15.854" level="DEBUG">Finished Request</msg>
<msg timestamp="20210917 19:19:18.125" level="INFO">send: b'DELETE /session/4ca7de5aba631d10e21679682a7c5189 HTTP/1.1\r\nHost: 127.0.0.1:62701\r\nAccept-Encoding: identity\r\nAccept: application/json\r\nContent-Type: application/json;charset=UTF-8\r\nUser-Agent: selenium/3.141.0 (python windows)\r\nConnection: keep-alive\r\n\r\n'
reply: 'HTTP/1.1 200 OK\r\n'
header: Content-Length: 72
header: Content-Type: application/json; charset=utf-8</msg>
<status status="PASS" starttime="20210917 19:19:15.646" endtime="20210917 19:19:18.125"></status>
</kw>
<status status="PASS" starttime="20210917 19:19:15.644" endtime="20210917 19:19:18.126"></status>
</kw>
<doc>Creating a User and Resetting the Password in Specified Enviornment</doc>
<status status="FAIL" starttime="20210917 19:17:42.107" endtime="20210917 19:19:18.126"></status>
</suite>
<status status="FAIL" starttime="20210917 19:17:42.102" endtime="20210917 19:19:18.138"></status>
</suite>
<status status="FAIL" starttime="20210917 19:17:42.095" endtime="20210917 19:19:18.147"></status>
</suite>
<status status="FAIL" starttime="20210917 19:17:42.090" endtime="20210917 19:19:18.152"></status>
</suite>
<status status="FAIL" starttime="20210917 19:17:42.085" endtime="20210917 19:19:18.159"></status>
</suite>
<status status="FAIL" starttime="20210917 19:17:41.956" endtime="20210917 19:19:18.167"></status>
</suite>
<statistics>
<total>
<stat pass="2" fail="4">Critical Tests</stat>
<stat pass="2" fail="4">All Tests</stat>
</total>
<tag>
<stat pass="2" fail="4">Regression</stat>
<stat pass="1" fail="1">Smoke</stat>
</tag>
<suite>
<stat pass="2" fail="4" id="s1" name="TotalTransact">TotalTransact</stat>
<stat pass="2" fail="4" id="s1-s1" name="TestCases">TotalTransact.TestCases</stat>
<stat pass="2" fail="4" id="s1-s1-s1" name="UI">TotalTransact.TestCases.UI</stat>
<stat pass="2" fail="4" id="s1-s1-s1-s1" name="Apps">TotalTransact.TestCases.UI.Apps</stat>
<stat pass="2" fail="4" id="s1-s1-s1-s1-s1" name="Admin">TotalTransact.TestCases.UI.Apps.Admin</stat>
<stat pass="2" fail="4" id="s1-s1-s1-s1-s1-s1" name="Users">TotalTransact.TestCases.UI.Apps.Admin.Users</stat>
</suite>
</statistics>
<errors>
<msg timestamp="20210917 19:17:44.179" level="ERROR">Error in file 'C:\Users\akhil.kumar\Perforce\akhil.kumar_TRV-LT-AKHILK_9539\TotalTransact\Robot\sbps\main\TotalTransact\variables\CommonKeywordsAndVariables.resource' on line 8: Importing test library 'JsonpathLibrary' failed: ModuleNotFoundError: No module named 'JsonpathLibrary'
Traceback (most recent call last):
  None
PYTHONPATH:
  C:\Users\akhil.kumar\Perforce\akhil.kumar_TRV-LT-AKHILK_9539\TotalTransact\Robot\sbps\main\TotalTransact\Libraries\UI\Ext
  C:\UTF\UTF
  C:\Users\akhil.kumar\Perforce\akhil.kumar_TRV-LT-AKHILK_9539\TotalTransact\Robot\sbps\main\TotalTransact\Libraries
  C:\Users\akhil.kumar\Perforce\akhil.kumar_TRV-LT-AKHILK_9539\TotalTransact\Robot\sbps\main\TotalTransact
  C:\Python37\python37.zip
  C:\Python37\DLLs
  C:\Python37\lib
  C:\Python37
  C:\Python37\lib\site-packages
  C:\Python37\lib\site-packages\robotframework_imagehorizonlibrary-1.1_devel-py3.7.egg
  C:\Python37\lib\site-packages\win32
  C:\Python37\lib\site-packages\win32\lib
  C:\Python37\lib\site-packages\Pythonwin</msg>
<msg timestamp="20210917 19:17:44.402" level="ERROR">Error in file 'C:\Users\akhil.kumar\Perforce\akhil.kumar_TRV-LT-AKHILK_9539\TotalTransact\Robot\sbps\main\TotalTransact\variables\CommonUIKeywordsAndVariables.resource' on line 9: Importing test library 'TotaltUtilities' failed: ModuleNotFoundError: No module named 'TotaltUtilities'
Traceback (most recent call last):
  None
PYTHONPATH:
  C:\Users\akhil.kumar\Perforce\akhil.kumar_TRV-LT-AKHILK_9539\TotalTransact\Robot\sbps\main\TotalTransact\Libraries\UI\Ext
  C:\UTF\UTF
  C:\Users\akhil.kumar\Perforce\akhil.kumar_TRV-LT-AKHILK_9539\TotalTransact\Robot\sbps\main\TotalTransact\Libraries
  C:\Users\akhil.kumar\Perforce\akhil.kumar_TRV-LT-AKHILK_9539\TotalTransact\Robot\sbps\main\TotalTransact
  C:\Python37\python37.zip
  C:\Python37\DLLs
  C:\Python37\lib
  C:\Python37
  C:\Python37\lib\site-packages
  C:\Python37\lib\site-packages\robotframework_imagehorizonlibrary-1.1_devel-py3.7.egg
  C:\Python37\lib\site-packages\win32
  C:\Python37\lib\site-packages\win32\lib
  C:\Python37\lib\site-packages\Pythonwin</msg>
</errors>
</robot>
